2025-07-22 02:20:50,217 DEBUG    root            Running [gcloud] with arguments: [-v: "None"]
2025-07-22 02:20:50,219 DEBUG    root            Loaded Command Group: ['gcloud', 'version']
2025-07-22 02:20:50,221 DEBUG    root            Running [gcloud.version] with arguments: []
2025-07-22 02:20:50,225 DEBUG    root            Chosen display Format:flattened[no-pad,separator=" "]
2025-07-22 02:20:50,225 INFO     root            Display format: "flattened[no-pad,separator=" "]"
2025-07-22 02:20:50,226 INFO     ___FILE_ONLY___ Google Cloud SDK
2025-07-22 02:20:50,226 INFO     ___FILE_ONLY___  
2025-07-22 02:20:50,226 INFO     ___FILE_ONLY___ 456.0.0

2025-07-22 02:20:50,226 INFO     ___FILE_ONLY___ bq
2025-07-22 02:20:50,226 INFO     ___FILE_ONLY___  
2025-07-22 02:20:50,226 INFO     ___FILE_ONLY___ 2.0.99

2025-07-22 02:20:50,226 INFO     ___FILE_ONLY___ core
2025-07-22 02:20:50,227 INFO     ___FILE_ONLY___  
2025-07-22 02:20:50,227 INFO     ___FILE_ONLY___ 2023.12.01

2025-07-22 02:20:50,227 INFO     ___FILE_ONLY___ gcloud-crc32c
2025-07-22 02:20:50,227 INFO     ___FILE_ONLY___  
2025-07-22 02:20:50,227 INFO     ___FILE_ONLY___ 1.0.0

2025-07-22 02:20:50,227 INFO     ___FILE_ONLY___ gsutil
2025-07-22 02:20:50,227 INFO     ___FILE_ONLY___  
2025-07-22 02:20:50,227 INFO     ___FILE_ONLY___ 5.27

2025-07-22 02:20:50,227 DEBUG    root            SDK update checks are disabled.
2025-07-22 02:20:50,233 DEBUG    root            Metrics reporting process started...
