2025-07-22 02:30:01,014 DEBUG    root            Loaded Command Group: ['gcloud', 'init']
2025-07-22 02:30:01,017 DEBUG    root            Running [gcloud.init] with arguments: []
2025-07-22 02:30:01,017 INFO     ___FILE_ONLY___ Welcome! This command will take you through the configuration of gcloud.


2025-07-22 02:30:01,018 INFO     ___FILE_ONLY___ Settings from your current configuration [default] are:

2025-07-22 02:30:01,023 INFO     ___FILE_ONLY___ component_manager:
  disable_update_check: 'true'
core:
  account: genyoungclip@gmail.com
  disable_usage_reporting: 'False'
  project: elparadisogonzalo-project

2025-07-22 02:30:01,023 INFO     ___FILE_ONLY___ 

2025-07-22 02:30:09,807 INFO     ___FILE_ONLY___ Your current configuration has been set to: [default]


2025-07-22 02:30:09,807 INFO     ___FILE_ONLY___ You can skip diagnostics next time by using the following flag:

2025-07-22 02:30:09,807 INFO     ___FILE_ONLY___   gcloud init --skip-diagnostics


2025-07-22 02:30:09,808 INFO     ___FILE_ONLY___ Network diagnostic detects and fixes local network connection issues.

2025-07-22 02:30:09,808 INFO     ___FILE_ONLY___ Checking network connection...
2025-07-22 02:30:14,871 DEBUG    urllib3.connectionpool Starting new HTTPS connection (1): accounts.google.com:443
2025-07-22 02:30:15,440 DEBUG    urllib3.connectionpool https://accounts.google.com:443 "GET / HTTP/11" 302 365
2025-07-22 02:30:15,744 DEBUG    urllib3.connectionpool https://accounts.google.com:443 "GET /ServiceLogin?passive=1209600&continue=https%3A%2F%2Faccounts.google.com%2F&followup=https%3A%2F%2Faccounts.google.com%2F HTTP/11" 302 0
2025-07-22 02:30:15,947 DEBUG    urllib3.connectionpool https://accounts.google.com:443 "GET /InteractiveLogin?continue=https://accounts.google.com/&followup=https://accounts.google.com/&passive=1209600&ifkv=AdBytiNLvUmhgDLPipd2uGF1yRIIoXIffVt1oK8qof7D3y5L9fWVopg5CNPV4hyDDUu7-fZyNycRhw HTTP/11" 302 552
2025-07-22 02:30:16,117 DEBUG    urllib3.connectionpool https://accounts.google.com:443 "GET /v3/signin/identifier?continue=https%3A%2F%2Faccounts.google.com%2F&followup=https%3A%2F%2Faccounts.google.com%2F&ifkv=AdBytiMoj46xEIfc4U5zotOMFStql_2YVezuKQT0gUEAlvPkyu6_y1eSW0pIu_qMiT9GoatLU7fV&passive=1209600&flowName=WebLiteSignIn&flowEntry=ServiceLogin&dsh=S1127326866%3A1753147816138394 HTTP/11" 200 None
2025-07-22 02:30:16,825 DEBUG    urllib3.connectionpool Starting new HTTPS connection (1): cloudresourcemanager.googleapis.com:443
2025-07-22 02:30:17,573 DEBUG    urllib3.connectionpool https://cloudresourcemanager.googleapis.com:443 "GET /v1beta1/projects HTTP/11" 401 None
2025-07-22 02:30:17,581 DEBUG    urllib3.connectionpool Starting new HTTPS connection (1): www.googleapis.com:443
2025-07-22 02:30:18,160 DEBUG    urllib3.connectionpool https://www.googleapis.com:443 "GET /auth/cloud-platform HTTP/11" 200 14
2025-07-22 02:30:18,174 DEBUG    urllib3.connectionpool Starting new HTTPS connection (1): dl.google.com:443
2025-07-22 02:30:18,860 DEBUG    urllib3.connectionpool https://dl.google.com:443 "GET /dl/cloudsdk/channels/rapid/components-2.json HTTP/11" 200 239798
2025-07-22 02:30:21,292 INFO     ___FILE_ONLY___ Reachability Check passed.

2025-07-22 02:30:21,294 INFO     ___FILE_ONLY___ Network diagnostic passed (1/1 checks passed).


2025-07-22 02:30:28,929 INFO     ___FILE_ONLY___ You are signed in as: [genyoungclip@gmail.com].


2025-07-22 02:30:28,953 DEBUG    google.auth.transport.requests Making request: POST https://oauth2.googleapis.com/token
2025-07-22 02:30:28,955 DEBUG    urllib3.connectionpool Starting new HTTPS connection (1): oauth2.googleapis.com:443
2025-07-22 02:30:29,577 DEBUG    urllib3.connectionpool https://oauth2.googleapis.com:443 "POST /token HTTP/11" 200 None
2025-07-22 02:30:29,637 DEBUG    urllib3.connectionpool Starting new HTTPS connection (1): cloudresourcemanager.googleapis.com:443
2025-07-22 02:30:30,555 DEBUG    urllib3.connectionpool https://cloudresourcemanager.googleapis.com:443 "GET /v1/projects?alt=json&filter=lifecycleState%3AACTIVE&pageSize=201 HTTP/11" 200 None
2025-07-22 02:30:38,176 INFO     ___FILE_ONLY___ Your current project has been set to: [elparadisogonzalo-project].


2025-07-22 02:30:38,257 DEBUG    root            Loaded Command Group: ['gcloud', 'compute']
2025-07-22 02:30:38,261 DEBUG    root            Loaded Command Group: ['gcloud', 'compute', 'project_info']
2025-07-22 02:30:38,269 DEBUG    root            Loaded Command Group: ['gcloud', 'compute', 'project-info', 'describe']
2025-07-22 02:30:38,271 INFO     root            Executing: [gcloud compute project-info describe --quiet]
2025-07-22 02:30:38,273 DEBUG    root            Running [gcloud.compute.project-info.describe] with arguments: [--no-user-output-enabled: "false", --quiet: "True", --verbosity: "none"]
2025-07-22 02:30:38,562 DEBUG    urllib3.connectionpool Starting new HTTPS connection (1): compute.googleapis.com:443
2025-07-22 02:30:39,230 DEBUG    urllib3.connectionpool https://compute.googleapis.com:443 "GET /compute/v1/projects/elparadisogonzalo-project?alt=json HTTP/11" 403 None
2025-07-22 02:30:39,234 DEBUG    root            Chosen display Format:list[title="Could not fetch resource:",always-display-title]
2025-07-22 02:30:39,235 DEBUG    root            (gcloud.compute.project-info.describe) Could not fetch resource:
 - Permission denied: Consumer 'projects/elparadisogonzalo-project' has been suspended.
Traceback (most recent call last):
  File "/data/data/com.termux/files/home/google-cloud-sdk/lib/googlecloudsdk/calliope/cli.py", line 985, in Execute
    resources = calliope_command.Run(cli=self, args=args)
                ^^^^^^^^^^^^^^^^^^^^^^^^^^^^^^^^^^^^^^^^^
  File "/data/data/com.termux/files/home/google-cloud-sdk/lib/googlecloudsdk/calliope/backend.py", line 945, in Run
    resources = command_instance.Run(args)
                ^^^^^^^^^^^^^^^^^^^^^^^^^^
  File "/data/data/com.termux/files/home/google-cloud-sdk/lib/surface/compute/project_info/describe.py", line 37, in Run
    return client.MakeRequests([(client.apitools_client.projects, 'Get',
           ^^^^^^^^^^^^^^^^^^^^^^^^^^^^^^^^^^^^^^^^^^^^^^^^^^^^^^^^^^^^^
  File "/data/data/com.termux/files/home/google-cloud-sdk/lib/googlecloudsdk/api_lib/compute/client_adapter.py", line 145, in MakeRequests
    utils.RaiseToolException(
  File "/data/data/com.termux/files/home/google-cloud-sdk/lib/googlecloudsdk/api_lib/compute/utils.py", line 139, in RaiseToolException
    RaiseException(problems, calliope_exceptions.ToolException, error_message)
  File "/data/data/com.termux/files/home/google-cloud-sdk/lib/googlecloudsdk/api_lib/compute/utils.py", line 148, in RaiseException
    raise exception(
googlecloudsdk.calliope.exceptions.ToolException: Could not fetch resource:
 - Permission denied: Consumer 'projects/elparadisogonzalo-project' has been suspended.

2025-07-22 02:30:39,242 ERROR    root            (gcloud.compute.project-info.describe) Could not fetch resource:
 - Permission denied: Consumer 'projects/elparadisogonzalo-project' has been suspended.

2025-07-22 02:30:39,263 INFO     root            [compute project-info describe --quiet] has failed

2025-07-22 02:30:39,263 INFO     ___FILE_ONLY___ Not setting default zone/region (this feature makes it easier to use
[gcloud compute] by setting an appropriate default value for the
--zone and --region flag).
See https://cloud.google.com/compute/docs/gcloud-compute section on how to set
default compute region and zone manually. If you would like [gcloud init] to be
able to do this for you the next time you run it, make sure the
Compute Engine API is enabled for your project on the
https://console.developers.google.com/apis page.


2025-07-22 02:30:39,267 DEBUG    root            Not configuring default .boto file. File already exists at [/data/data/com.termux/files/home/.boto].
2025-07-22 02:30:39,267 INFO     ___FILE_ONLY___ The Google Cloud CLI is configured and ready to use!


2025-07-22 02:30:39,267 INFO     ___FILE_ONLY___ * Commands that require authentication will use genyoungclip@gmail.com by default

2025-07-22 02:30:39,267 INFO     ___FILE_ONLY___ * Commands will reference project `elparadisogonzalo-project` by default

2025-07-22 02:30:39,267 INFO     ___FILE_ONLY___ Run `gcloud help config` to learn how to change individual settings


2025-07-22 02:30:39,268 INFO     ___FILE_ONLY___ This gcloud configuration is called [default]. You can create additional configurations if you work with multiple accounts and/or projects.

2025-07-22 02:30:39,268 INFO     ___FILE_ONLY___ Run `gcloud topic configurations` to learn more.


2025-07-22 02:30:39,268 INFO     ___FILE_ONLY___ Some things to try next:


2025-07-22 02:30:39,268 INFO     ___FILE_ONLY___ * Run `gcloud --help` to see the Cloud Platform services you can interact with. And run `gcloud help COMMAND` to get help on any gcloud command.

2025-07-22 02:30:39,268 INFO     ___FILE_ONLY___ * Run `gcloud topic --help` to learn about advanced features of the CLI like arg files and output formatting

2025-07-22 02:30:39,268 INFO     ___FILE_ONLY___ * Run `gcloud cheat-sheet` to see a roster of go-to `gcloud` commands.

2025-07-22 02:30:39,268 DEBUG    root            Chosen display Format:default
2025-07-22 02:30:39,269 INFO     root            Display format: "default"
2025-07-22 02:30:39,270 DEBUG    root            SDK update checks are disabled.
2025-07-22 02:30:39,278 DEBUG    root            Metrics reporting process started...
