2025-07-22 02:39:27,642 DEBUG    root            Loaded Command Group: ['gcloud', 'components']
2025-07-22 02:39:27,645 DEBUG    root            Loaded Command Group: ['gcloud', 'components', 'list']
2025-07-22 02:39:27,648 DEBUG    root            Running [gcloud.components.list] with arguments: []
2025-07-22 02:39:27,661 DEBUG    urllib3.connectionpool Starting new HTTPS connection (1): dl.google.com:443
2025-07-22 02:39:28,169 DEBUG    urllib3.connectionpool https://dl.google.com:443 "GET /dl/cloudsdk/channels/rapid/components-2.json HTTP/11" 200 239798
2025-07-22 02:39:28,811 INFO     ___FILE_ONLY___ 
Your current Google Cloud CLI version is: 530.0.0

2025-07-22 02:39:28,812 INFO     ___FILE_ONLY___ The latest available version is: 530.0.0

2025-07-22 02:39:28,812 INFO     ___FILE_ONLY___ 

2025-07-22 02:39:28,814 DEBUG    root            Chosen display Format:table[box,title="Components"](state.name:label=Status,name:label=Name,id:label=ID,size.size(zero="",min=1048576):label=Size:align=right)
2025-07-22 02:39:28,815 INFO     root            Display format: "table[box,title="Components"](state.name:label=Status,name:label=Name,id:label=ID,size.size(zero="",min=1048576):label=Size:align=right)"
2025-07-22 02:39:28,870 INFO     ___FILE_ONLY___ ┌─────────────────────────────────────────────────────────────────────────────────────────────────────────────────┐
2025-07-22 02:39:28,871 INFO     ___FILE_ONLY___ 

2025-07-22 02:39:28,871 INFO     ___FILE_ONLY___ │                                                    Components                                                   │
2025-07-22 02:39:28,871 INFO     ___FILE_ONLY___ 

2025-07-22 02:39:28,871 INFO     ___FILE_ONLY___ ├───────────────┬──────────────────────────────────────────────────────┬──────────────────────────────┬───────────┤
2025-07-22 02:39:28,871 INFO     ___FILE_ONLY___ 

2025-07-22 02:39:28,872 INFO     ___FILE_ONLY___ │     Status    │                         Name                         │              ID              │    Size   │
2025-07-22 02:39:28,872 INFO     ___FILE_ONLY___ 

2025-07-22 02:39:28,872 INFO     ___FILE_ONLY___ ├───────────────┼──────────────────────────────────────────────────────┼──────────────────────────────┼───────────┤
2025-07-22 02:39:28,872 INFO     ___FILE_ONLY___ 

2025-07-22 02:39:28,872 INFO     ___FILE_ONLY___ │ 
2025-07-22 02:39:28,872 INFO     ___FILE_ONLY___ Not Installed
2025-07-22 02:39:28,872 INFO     ___FILE_ONLY___  
2025-07-22 02:39:28,872 INFO     ___FILE_ONLY___ │ 
2025-07-22 02:39:28,873 INFO     ___FILE_ONLY___ App Engine Go Extensions                            
2025-07-22 02:39:28,873 INFO     ___FILE_ONLY___  
2025-07-22 02:39:28,873 INFO     ___FILE_ONLY___ │ 
2025-07-22 02:39:28,873 INFO     ___FILE_ONLY___ app-engine-go               
2025-07-22 02:39:28,873 INFO     ___FILE_ONLY___  
2025-07-22 02:39:28,873 INFO     ___FILE_ONLY___ │ 
2025-07-22 02:39:28,873 INFO     ___FILE_ONLY___   4.4 MiB
2025-07-22 02:39:28,873 INFO     ___FILE_ONLY___  
2025-07-22 02:39:28,873 INFO     ___FILE_ONLY___ │
2025-07-22 02:39:28,873 INFO     ___FILE_ONLY___ 

2025-07-22 02:39:28,874 INFO     ___FILE_ONLY___ │ 
2025-07-22 02:39:28,874 INFO     ___FILE_ONLY___ Not Installed
2025-07-22 02:39:28,874 INFO     ___FILE_ONLY___  
2025-07-22 02:39:28,874 INFO     ___FILE_ONLY___ │ 
2025-07-22 02:39:28,874 INFO     ___FILE_ONLY___ Artifact Registry Go Module Package Helper          
2025-07-22 02:39:28,874 INFO     ___FILE_ONLY___  
2025-07-22 02:39:28,874 INFO     ___FILE_ONLY___ │ 
2025-07-22 02:39:28,874 INFO     ___FILE_ONLY___ package-go-module           
2025-07-22 02:39:28,874 INFO     ___FILE_ONLY___  
2025-07-22 02:39:28,874 INFO     ___FILE_ONLY___ │ 
2025-07-22 02:39:28,875 INFO     ___FILE_ONLY___   < 1 MiB
2025-07-22 02:39:28,875 INFO     ___FILE_ONLY___  
2025-07-22 02:39:28,875 INFO     ___FILE_ONLY___ │
2025-07-22 02:39:28,875 INFO     ___FILE_ONLY___ 

2025-07-22 02:39:28,875 INFO     ___FILE_ONLY___ │ 
2025-07-22 02:39:28,875 INFO     ___FILE_ONLY___ Not Installed
2025-07-22 02:39:28,875 INFO     ___FILE_ONLY___  
2025-07-22 02:39:28,875 INFO     ___FILE_ONLY___ │ 
2025-07-22 02:39:28,875 INFO     ___FILE_ONLY___ Cloud Bigtable Command Line Tool                    
2025-07-22 02:39:28,875 INFO     ___FILE_ONLY___  
2025-07-22 02:39:28,875 INFO     ___FILE_ONLY___ │ 
2025-07-22 02:39:28,875 INFO     ___FILE_ONLY___ cbt                         
2025-07-22 02:39:28,876 INFO     ___FILE_ONLY___  
2025-07-22 02:39:28,876 INFO     ___FILE_ONLY___ │ 
2025-07-22 02:39:28,876 INFO     ___FILE_ONLY___  18.7 MiB
2025-07-22 02:39:28,876 INFO     ___FILE_ONLY___  
2025-07-22 02:39:28,876 INFO     ___FILE_ONLY___ │
2025-07-22 02:39:28,876 INFO     ___FILE_ONLY___ 

2025-07-22 02:39:28,876 INFO     ___FILE_ONLY___ │ 
2025-07-22 02:39:28,876 INFO     ___FILE_ONLY___ Not Installed
2025-07-22 02:39:28,876 INFO     ___FILE_ONLY___  
2025-07-22 02:39:28,876 INFO     ___FILE_ONLY___ │ 
2025-07-22 02:39:28,876 INFO     ___FILE_ONLY___ Cloud Bigtable Emulator                             
2025-07-22 02:39:28,876 INFO     ___FILE_ONLY___  
2025-07-22 02:39:28,876 INFO     ___FILE_ONLY___ │ 
2025-07-22 02:39:28,877 INFO     ___FILE_ONLY___ bigtable                    
2025-07-22 02:39:28,877 INFO     ___FILE_ONLY___  
2025-07-22 02:39:28,877 INFO     ___FILE_ONLY___ │ 
2025-07-22 02:39:28,877 INFO     ___FILE_ONLY___   8.0 MiB
2025-07-22 02:39:28,877 INFO     ___FILE_ONLY___  
2025-07-22 02:39:28,877 INFO     ___FILE_ONLY___ │
2025-07-22 02:39:28,877 INFO     ___FILE_ONLY___ 

2025-07-22 02:39:28,877 INFO     ___FILE_ONLY___ │ 
2025-07-22 02:39:28,877 INFO     ___FILE_ONLY___ Not Installed
2025-07-22 02:39:28,877 INFO     ___FILE_ONLY___  
2025-07-22 02:39:28,877 INFO     ___FILE_ONLY___ │ 
2025-07-22 02:39:28,878 INFO     ___FILE_ONLY___ Cloud Datastore Emulator                            
2025-07-22 02:39:28,878 INFO     ___FILE_ONLY___  
2025-07-22 02:39:28,878 INFO     ___FILE_ONLY___ │ 
2025-07-22 02:39:28,878 INFO     ___FILE_ONLY___ cloud-datastore-emulator    
2025-07-22 02:39:28,878 INFO     ___FILE_ONLY___  
2025-07-22 02:39:28,878 INFO     ___FILE_ONLY___ │ 
2025-07-22 02:39:28,878 INFO     ___FILE_ONLY___  36.2 MiB
2025-07-22 02:39:28,878 INFO     ___FILE_ONLY___  
2025-07-22 02:39:28,878 INFO     ___FILE_ONLY___ │
2025-07-22 02:39:28,878 INFO     ___FILE_ONLY___ 

2025-07-22 02:39:28,878 INFO     ___FILE_ONLY___ │ 
2025-07-22 02:39:28,878 INFO     ___FILE_ONLY___ Not Installed
2025-07-22 02:39:28,879 INFO     ___FILE_ONLY___  
2025-07-22 02:39:28,879 INFO     ___FILE_ONLY___ │ 
2025-07-22 02:39:28,879 INFO     ___FILE_ONLY___ Cloud Firestore Emulator                            
2025-07-22 02:39:28,879 INFO     ___FILE_ONLY___  
2025-07-22 02:39:28,879 INFO     ___FILE_ONLY___ │ 
2025-07-22 02:39:28,879 INFO     ___FILE_ONLY___ cloud-firestore-emulator    
2025-07-22 02:39:28,879 INFO     ___FILE_ONLY___  
2025-07-22 02:39:28,879 INFO     ___FILE_ONLY___ │ 
2025-07-22 02:39:28,879 INFO     ___FILE_ONLY___  53.7 MiB
2025-07-22 02:39:28,879 INFO     ___FILE_ONLY___  
2025-07-22 02:39:28,879 INFO     ___FILE_ONLY___ │
2025-07-22 02:39:28,879 INFO     ___FILE_ONLY___ 

2025-07-22 02:39:28,879 INFO     ___FILE_ONLY___ │ 
2025-07-22 02:39:28,880 INFO     ___FILE_ONLY___ Not Installed
2025-07-22 02:39:28,880 INFO     ___FILE_ONLY___  
2025-07-22 02:39:28,880 INFO     ___FILE_ONLY___ │ 
2025-07-22 02:39:28,880 INFO     ___FILE_ONLY___ Cloud Pub/Sub Emulator                              
2025-07-22 02:39:28,880 INFO     ___FILE_ONLY___  
2025-07-22 02:39:28,880 INFO     ___FILE_ONLY___ │ 
2025-07-22 02:39:28,880 INFO     ___FILE_ONLY___ pubsub-emulator             
2025-07-22 02:39:28,880 INFO     ___FILE_ONLY___  
2025-07-22 02:39:28,880 INFO     ___FILE_ONLY___ │ 
2025-07-22 02:39:28,880 INFO     ___FILE_ONLY___  62.4 MiB
2025-07-22 02:39:28,880 INFO     ___FILE_ONLY___  
2025-07-22 02:39:28,880 INFO     ___FILE_ONLY___ │
2025-07-22 02:39:28,881 INFO     ___FILE_ONLY___ 

2025-07-22 02:39:28,881 INFO     ___FILE_ONLY___ │ 
2025-07-22 02:39:28,881 INFO     ___FILE_ONLY___ Not Installed
2025-07-22 02:39:28,881 INFO     ___FILE_ONLY___  
2025-07-22 02:39:28,881 INFO     ___FILE_ONLY___ │ 
2025-07-22 02:39:28,881 INFO     ___FILE_ONLY___ Cloud Run Proxy                                     
2025-07-22 02:39:28,881 INFO     ___FILE_ONLY___  
2025-07-22 02:39:28,881 INFO     ___FILE_ONLY___ │ 
2025-07-22 02:39:28,881 INFO     ___FILE_ONLY___ cloud-run-proxy             
2025-07-22 02:39:28,881 INFO     ___FILE_ONLY___  
2025-07-22 02:39:28,881 INFO     ___FILE_ONLY___ │ 
2025-07-22 02:39:28,881 INFO     ___FILE_ONLY___  11.3 MiB
2025-07-22 02:39:28,881 INFO     ___FILE_ONLY___  
2025-07-22 02:39:28,882 INFO     ___FILE_ONLY___ │
2025-07-22 02:39:28,882 INFO     ___FILE_ONLY___ 

2025-07-22 02:39:28,882 INFO     ___FILE_ONLY___ │ 
2025-07-22 02:39:28,882 INFO     ___FILE_ONLY___ Not Installed
2025-07-22 02:39:28,882 INFO     ___FILE_ONLY___  
2025-07-22 02:39:28,882 INFO     ___FILE_ONLY___ │ 
2025-07-22 02:39:28,882 INFO     ___FILE_ONLY___ Cloud SQL Proxy v2                                  
2025-07-22 02:39:28,882 INFO     ___FILE_ONLY___  
2025-07-22 02:39:28,882 INFO     ___FILE_ONLY___ │ 
2025-07-22 02:39:28,882 INFO     ___FILE_ONLY___ cloud-sql-proxy             
2025-07-22 02:39:28,883 INFO     ___FILE_ONLY___  
2025-07-22 02:39:28,883 INFO     ___FILE_ONLY___ │ 
2025-07-22 02:39:28,883 INFO     ___FILE_ONLY___  14.4 MiB
2025-07-22 02:39:28,883 INFO     ___FILE_ONLY___  
2025-07-22 02:39:28,883 INFO     ___FILE_ONLY___ │
2025-07-22 02:39:28,883 INFO     ___FILE_ONLY___ 

2025-07-22 02:39:28,883 INFO     ___FILE_ONLY___ │ 
2025-07-22 02:39:28,883 INFO     ___FILE_ONLY___ Not Installed
2025-07-22 02:39:28,883 INFO     ___FILE_ONLY___  
2025-07-22 02:39:28,883 INFO     ___FILE_ONLY___ │ 
2025-07-22 02:39:28,883 INFO     ___FILE_ONLY___ Kustomize                                           
2025-07-22 02:39:28,883 INFO     ___FILE_ONLY___  
2025-07-22 02:39:28,883 INFO     ___FILE_ONLY___ │ 
2025-07-22 02:39:28,884 INFO     ___FILE_ONLY___ kustomize                   
2025-07-22 02:39:28,884 INFO     ___FILE_ONLY___  
2025-07-22 02:39:28,884 INFO     ___FILE_ONLY___ │ 
2025-07-22 02:39:28,884 INFO     ___FILE_ONLY___   3.9 MiB
2025-07-22 02:39:28,884 INFO     ___FILE_ONLY___  
2025-07-22 02:39:28,884 INFO     ___FILE_ONLY___ │
2025-07-22 02:39:28,884 INFO     ___FILE_ONLY___ 

2025-07-22 02:39:28,884 INFO     ___FILE_ONLY___ │ 
2025-07-22 02:39:28,884 INFO     ___FILE_ONLY___ Not Installed
2025-07-22 02:39:28,884 INFO     ___FILE_ONLY___  
2025-07-22 02:39:28,884 INFO     ___FILE_ONLY___ │ 
2025-07-22 02:39:28,884 INFO     ___FILE_ONLY___ Log Streaming                                       
2025-07-22 02:39:28,884 INFO     ___FILE_ONLY___  
2025-07-22 02:39:28,885 INFO     ___FILE_ONLY___ │ 
2025-07-22 02:39:28,885 INFO     ___FILE_ONLY___ log-streaming               
2025-07-22 02:39:28,885 INFO     ___FILE_ONLY___  
2025-07-22 02:39:28,902 INFO     ___FILE_ONLY___ │ 
2025-07-22 02:39:28,902 INFO     ___FILE_ONLY___  15.7 MiB
2025-07-22 02:39:28,902 INFO     ___FILE_ONLY___  
2025-07-22 02:39:28,902 INFO     ___FILE_ONLY___ │
2025-07-22 02:39:28,902 INFO     ___FILE_ONLY___ 

2025-07-22 02:39:28,902 INFO     ___FILE_ONLY___ │ 
2025-07-22 02:39:28,902 INFO     ___FILE_ONLY___ Not Installed
2025-07-22 02:39:28,902 INFO     ___FILE_ONLY___  
2025-07-22 02:39:28,903 INFO     ___FILE_ONLY___ │ 
2025-07-22 02:39:28,903 INFO     ___FILE_ONLY___ Managed Flink Client                                
2025-07-22 02:39:28,903 INFO     ___FILE_ONLY___  
2025-07-22 02:39:28,903 INFO     ___FILE_ONLY___ │ 
2025-07-22 02:39:28,903 INFO     ___FILE_ONLY___ managed-flink-client        
2025-07-22 02:39:28,909 INFO     ___FILE_ONLY___  
2025-07-22 02:39:28,910 INFO     ___FILE_ONLY___ │ 
2025-07-22 02:39:28,910 INFO     ___FILE_ONLY___ 383.4 MiB
2025-07-22 02:39:28,910 INFO     ___FILE_ONLY___  
2025-07-22 02:39:28,910 INFO     ___FILE_ONLY___ │
2025-07-22 02:39:28,910 INFO     ___FILE_ONLY___ 

2025-07-22 02:39:28,910 INFO     ___FILE_ONLY___ │ 
2025-07-22 02:39:28,910 INFO     ___FILE_ONLY___ Not Installed
2025-07-22 02:39:28,911 INFO     ___FILE_ONLY___  
2025-07-22 02:39:28,911 INFO     ___FILE_ONLY___ │ 
2025-07-22 02:39:28,911 INFO     ___FILE_ONLY___ Minikube                                            
2025-07-22 02:39:28,911 INFO     ___FILE_ONLY___  
2025-07-22 02:39:28,911 INFO     ___FILE_ONLY___ │ 
2025-07-22 02:39:28,911 INFO     ___FILE_ONLY___ minikube                    
2025-07-22 02:39:28,911 INFO     ___FILE_ONLY___  
2025-07-22 02:39:28,911 INFO     ___FILE_ONLY___ │ 
2025-07-22 02:39:28,911 INFO     ___FILE_ONLY___  44.7 MiB
2025-07-22 02:39:28,911 INFO     ___FILE_ONLY___  
2025-07-22 02:39:28,912 INFO     ___FILE_ONLY___ │
2025-07-22 02:39:28,912 INFO     ___FILE_ONLY___ 

2025-07-22 02:39:28,912 INFO     ___FILE_ONLY___ │ 
2025-07-22 02:39:28,912 INFO     ___FILE_ONLY___ Not Installed
2025-07-22 02:39:28,912 INFO     ___FILE_ONLY___  
2025-07-22 02:39:28,912 INFO     ___FILE_ONLY___ │ 
2025-07-22 02:39:28,912 INFO     ___FILE_ONLY___ On-Demand Scanning API extraction helper            
2025-07-22 02:39:28,912 INFO     ___FILE_ONLY___  
2025-07-22 02:39:28,912 INFO     ___FILE_ONLY___ │ 
2025-07-22 02:39:28,912 INFO     ___FILE_ONLY___ local-extract               
2025-07-22 02:39:28,913 INFO     ___FILE_ONLY___  
2025-07-22 02:39:28,913 INFO     ___FILE_ONLY___ │ 
2025-07-22 02:39:28,913 INFO     ___FILE_ONLY___  29.2 MiB
2025-07-22 02:39:28,913 INFO     ___FILE_ONLY___  
2025-07-22 02:39:28,913 INFO     ___FILE_ONLY___ │
2025-07-22 02:39:28,913 INFO     ___FILE_ONLY___ 

2025-07-22 02:39:28,913 INFO     ___FILE_ONLY___ │ 
2025-07-22 02:39:28,913 INFO     ___FILE_ONLY___ Not Installed
2025-07-22 02:39:28,914 INFO     ___FILE_ONLY___  
2025-07-22 02:39:28,914 INFO     ___FILE_ONLY___ │ 
2025-07-22 02:39:28,914 INFO     ___FILE_ONLY___ Skaffold                                            
2025-07-22 02:39:28,914 INFO     ___FILE_ONLY___  
2025-07-22 02:39:28,914 INFO     ___FILE_ONLY___ │ 
2025-07-22 02:39:28,915 INFO     ___FILE_ONLY___ skaffold                    
2025-07-22 02:39:28,915 INFO     ___FILE_ONLY___  
2025-07-22 02:39:28,915 INFO     ___FILE_ONLY___ │ 
2025-07-22 02:39:28,915 INFO     ___FILE_ONLY___  30.8 MiB
2025-07-22 02:39:28,915 INFO     ___FILE_ONLY___  
2025-07-22 02:39:28,915 INFO     ___FILE_ONLY___ │
2025-07-22 02:39:28,915 INFO     ___FILE_ONLY___ 

2025-07-22 02:39:28,915 INFO     ___FILE_ONLY___ │ 
2025-07-22 02:39:28,915 INFO     ___FILE_ONLY___ Not Installed
2025-07-22 02:39:28,915 INFO     ___FILE_ONLY___  
2025-07-22 02:39:28,916 INFO     ___FILE_ONLY___ │ 
2025-07-22 02:39:28,916 INFO     ___FILE_ONLY___ Spanner Cli                                         
2025-07-22 02:39:28,916 INFO     ___FILE_ONLY___  
2025-07-22 02:39:28,916 INFO     ___FILE_ONLY___ │ 
2025-07-22 02:39:28,916 INFO     ___FILE_ONLY___ spanner-cli                 
2025-07-22 02:39:28,916 INFO     ___FILE_ONLY___  
2025-07-22 02:39:28,916 INFO     ___FILE_ONLY___ │ 
2025-07-22 02:39:28,916 INFO     ___FILE_ONLY___  11.5 MiB
2025-07-22 02:39:28,916 INFO     ___FILE_ONLY___  
2025-07-22 02:39:28,916 INFO     ___FILE_ONLY___ │
2025-07-22 02:39:28,916 INFO     ___FILE_ONLY___ 

2025-07-22 02:39:28,917 INFO     ___FILE_ONLY___ │ 
2025-07-22 02:39:28,917 INFO     ___FILE_ONLY___ Not Installed
2025-07-22 02:39:28,917 INFO     ___FILE_ONLY___  
2025-07-22 02:39:28,917 INFO     ___FILE_ONLY___ │ 
2025-07-22 02:39:28,917 INFO     ___FILE_ONLY___ Terraform Tools                                     
2025-07-22 02:39:28,917 INFO     ___FILE_ONLY___  
2025-07-22 02:39:28,917 INFO     ___FILE_ONLY___ │ 
2025-07-22 02:39:28,917 INFO     ___FILE_ONLY___ terraform-tools             
2025-07-22 02:39:28,918 INFO     ___FILE_ONLY___  
2025-07-22 02:39:28,918 INFO     ___FILE_ONLY___ │ 
2025-07-22 02:39:28,918 INFO     ___FILE_ONLY___  61.6 MiB
2025-07-22 02:39:28,918 INFO     ___FILE_ONLY___  
2025-07-22 02:39:28,918 INFO     ___FILE_ONLY___ │
2025-07-22 02:39:28,918 INFO     ___FILE_ONLY___ 

2025-07-22 02:39:28,919 INFO     ___FILE_ONLY___ │ 
2025-07-22 02:39:28,919 INFO     ___FILE_ONLY___ Not Installed
2025-07-22 02:39:28,919 INFO     ___FILE_ONLY___  
2025-07-22 02:39:28,919 INFO     ___FILE_ONLY___ │ 
2025-07-22 02:39:28,919 INFO     ___FILE_ONLY___ anthos-auth                                         
2025-07-22 02:39:28,919 INFO     ___FILE_ONLY___  
2025-07-22 02:39:28,919 INFO     ___FILE_ONLY___ │ 
2025-07-22 02:39:28,919 INFO     ___FILE_ONLY___ anthos-auth                 
2025-07-22 02:39:28,919 INFO     ___FILE_ONLY___  
2025-07-22 02:39:28,919 INFO     ___FILE_ONLY___ │ 
2025-07-22 02:39:28,920 INFO     ___FILE_ONLY___  20.4 MiB
2025-07-22 02:39:28,920 INFO     ___FILE_ONLY___  
2025-07-22 02:39:28,920 INFO     ___FILE_ONLY___ │
2025-07-22 02:39:28,920 INFO     ___FILE_ONLY___ 

2025-07-22 02:39:28,920 INFO     ___FILE_ONLY___ │ 
2025-07-22 02:39:28,920 INFO     ___FILE_ONLY___ Not Installed
2025-07-22 02:39:28,920 INFO     ___FILE_ONLY___  
2025-07-22 02:39:28,920 INFO     ___FILE_ONLY___ │ 
2025-07-22 02:39:28,920 INFO     ___FILE_ONLY___ config-connector                                    
2025-07-22 02:39:28,920 INFO     ___FILE_ONLY___  
2025-07-22 02:39:28,921 INFO     ___FILE_ONLY___ │ 
2025-07-22 02:39:28,921 INFO     ___FILE_ONLY___ config-connector            
2025-07-22 02:39:28,921 INFO     ___FILE_ONLY___  
2025-07-22 02:39:28,921 INFO     ___FILE_ONLY___ │ 
2025-07-22 02:39:28,921 INFO     ___FILE_ONLY___  85.9 MiB
2025-07-22 02:39:28,921 INFO     ___FILE_ONLY___  
2025-07-22 02:39:28,921 INFO     ___FILE_ONLY___ │
2025-07-22 02:39:28,921 INFO     ___FILE_ONLY___ 

2025-07-22 02:39:28,921 INFO     ___FILE_ONLY___ │ 
2025-07-22 02:39:28,921 INFO     ___FILE_ONLY___ Not Installed
2025-07-22 02:39:28,921 INFO     ___FILE_ONLY___  
2025-07-22 02:39:28,921 INFO     ___FILE_ONLY___ │ 
2025-07-22 02:39:28,922 INFO     ___FILE_ONLY___ enterprise-certificate-proxy                        
2025-07-22 02:39:28,922 INFO     ___FILE_ONLY___  
2025-07-22 02:39:28,922 INFO     ___FILE_ONLY___ │ 
2025-07-22 02:39:28,922 INFO     ___FILE_ONLY___ enterprise-certificate-proxy
2025-07-22 02:39:28,922 INFO     ___FILE_ONLY___  
2025-07-22 02:39:28,922 INFO     ___FILE_ONLY___ │ 
2025-07-22 02:39:28,922 INFO     ___FILE_ONLY___          
2025-07-22 02:39:28,922 INFO     ___FILE_ONLY___  
2025-07-22 02:39:28,922 INFO     ___FILE_ONLY___ │
2025-07-22 02:39:28,922 INFO     ___FILE_ONLY___ 

2025-07-22 02:39:28,922 INFO     ___FILE_ONLY___ │ 
2025-07-22 02:39:28,922 INFO     ___FILE_ONLY___ Not Installed
2025-07-22 02:39:28,923 INFO     ___FILE_ONLY___  
2025-07-22 02:39:28,923 INFO     ___FILE_ONLY___ │ 
2025-07-22 02:39:28,923 INFO     ___FILE_ONLY___ gcloud Alpha Commands                               
2025-07-22 02:39:28,923 INFO     ___FILE_ONLY___  
2025-07-22 02:39:28,923 INFO     ___FILE_ONLY___ │ 
2025-07-22 02:39:28,923 INFO     ___FILE_ONLY___ alpha                       
2025-07-22 02:39:28,923 INFO     ___FILE_ONLY___  
2025-07-22 02:39:28,923 INFO     ___FILE_ONLY___ │ 
2025-07-22 02:39:28,923 INFO     ___FILE_ONLY___   < 1 MiB
2025-07-22 02:39:28,923 INFO     ___FILE_ONLY___  
2025-07-22 02:39:28,923 INFO     ___FILE_ONLY___ │
2025-07-22 02:39:28,924 INFO     ___FILE_ONLY___ 

2025-07-22 02:39:28,924 INFO     ___FILE_ONLY___ │ 
2025-07-22 02:39:28,924 INFO     ___FILE_ONLY___ Not Installed
2025-07-22 02:39:28,924 INFO     ___FILE_ONLY___  
2025-07-22 02:39:28,924 INFO     ___FILE_ONLY___ │ 
2025-07-22 02:39:28,924 INFO     ___FILE_ONLY___ gcloud app Java Extensions                          
2025-07-22 02:39:28,924 INFO     ___FILE_ONLY___  
2025-07-22 02:39:28,924 INFO     ___FILE_ONLY___ │ 
2025-07-22 02:39:28,924 INFO     ___FILE_ONLY___ app-engine-java             
2025-07-22 02:39:28,924 INFO     ___FILE_ONLY___  
2025-07-22 02:39:28,924 INFO     ___FILE_ONLY___ │ 
2025-07-22 02:39:28,925 INFO     ___FILE_ONLY___ 137.0 MiB
2025-07-22 02:39:28,925 INFO     ___FILE_ONLY___  
2025-07-22 02:39:28,925 INFO     ___FILE_ONLY___ │
2025-07-22 02:39:28,925 INFO     ___FILE_ONLY___ 

2025-07-22 02:39:28,925 INFO     ___FILE_ONLY___ │ 
2025-07-22 02:39:28,925 INFO     ___FILE_ONLY___ Not Installed
2025-07-22 02:39:28,925 INFO     ___FILE_ONLY___  
2025-07-22 02:39:28,925 INFO     ___FILE_ONLY___ │ 
2025-07-22 02:39:28,925 INFO     ___FILE_ONLY___ gcloud app Python Extensions                        
2025-07-22 02:39:28,926 INFO     ___FILE_ONLY___  
2025-07-22 02:39:28,926 INFO     ___FILE_ONLY___ │ 
2025-07-22 02:39:28,926 INFO     ___FILE_ONLY___ app-engine-python           
2025-07-22 02:39:28,926 INFO     ___FILE_ONLY___  
2025-07-22 02:39:28,926 INFO     ___FILE_ONLY___ │ 
2025-07-22 02:39:28,926 INFO     ___FILE_ONLY___   3.8 MiB
2025-07-22 02:39:28,926 INFO     ___FILE_ONLY___  
2025-07-22 02:39:28,926 INFO     ___FILE_ONLY___ │
2025-07-22 02:39:28,926 INFO     ___FILE_ONLY___ 

2025-07-22 02:39:28,926 INFO     ___FILE_ONLY___ │ 
2025-07-22 02:39:28,927 INFO     ___FILE_ONLY___ Not Installed
2025-07-22 02:39:28,927 INFO     ___FILE_ONLY___  
2025-07-22 02:39:28,927 INFO     ___FILE_ONLY___ │ 
2025-07-22 02:39:28,927 INFO     ___FILE_ONLY___ gcloud app Python Extensions (Extra Libraries)      
2025-07-22 02:39:28,927 INFO     ___FILE_ONLY___  
2025-07-22 02:39:28,927 INFO     ___FILE_ONLY___ │ 
2025-07-22 02:39:28,927 INFO     ___FILE_ONLY___ app-engine-python-extras    
2025-07-22 02:39:28,927 INFO     ___FILE_ONLY___  
2025-07-22 02:39:28,927 INFO     ___FILE_ONLY___ │ 
2025-07-22 02:39:28,927 INFO     ___FILE_ONLY___   < 1 MiB
2025-07-22 02:39:28,927 INFO     ___FILE_ONLY___  
2025-07-22 02:39:28,928 INFO     ___FILE_ONLY___ │
2025-07-22 02:39:28,928 INFO     ___FILE_ONLY___ 

2025-07-22 02:39:28,928 INFO     ___FILE_ONLY___ │ 
2025-07-22 02:39:28,928 INFO     ___FILE_ONLY___ Not Installed
2025-07-22 02:39:28,928 INFO     ___FILE_ONLY___  
2025-07-22 02:39:28,928 INFO     ___FILE_ONLY___ │ 
2025-07-22 02:39:28,928 INFO     ___FILE_ONLY___ istioctl                                            
2025-07-22 02:39:28,928 INFO     ___FILE_ONLY___  
2025-07-22 02:39:28,928 INFO     ___FILE_ONLY___ │ 
2025-07-22 02:39:28,929 INFO     ___FILE_ONLY___ istioctl                    
2025-07-22 02:39:28,929 INFO     ___FILE_ONLY___  
2025-07-22 02:39:28,929 INFO     ___FILE_ONLY___ │ 
2025-07-22 02:39:28,929 INFO     ___FILE_ONLY___  23.5 MiB
2025-07-22 02:39:28,929 INFO     ___FILE_ONLY___  
2025-07-22 02:39:28,929 INFO     ___FILE_ONLY___ │
2025-07-22 02:39:28,929 INFO     ___FILE_ONLY___ 

2025-07-22 02:39:28,929 INFO     ___FILE_ONLY___ │ 
2025-07-22 02:39:28,929 INFO     ___FILE_ONLY___ Not Installed
2025-07-22 02:39:28,929 INFO     ___FILE_ONLY___  
2025-07-22 02:39:28,930 INFO     ___FILE_ONLY___ │ 
2025-07-22 02:39:28,930 INFO     ___FILE_ONLY___ kpt                                                 
2025-07-22 02:39:28,930 INFO     ___FILE_ONLY___  
2025-07-22 02:39:28,930 INFO     ___FILE_ONLY___ │ 
2025-07-22 02:39:28,930 INFO     ___FILE_ONLY___ kpt                         
2025-07-22 02:39:28,930 INFO     ___FILE_ONLY___  
2025-07-22 02:39:28,930 INFO     ___FILE_ONLY___ │ 
2025-07-22 02:39:28,930 INFO     ___FILE_ONLY___  13.9 MiB
2025-07-22 02:39:28,930 INFO     ___FILE_ONLY___  
2025-07-22 02:39:28,930 INFO     ___FILE_ONLY___ │
2025-07-22 02:39:28,930 INFO     ___FILE_ONLY___ 

2025-07-22 02:39:28,930 INFO     ___FILE_ONLY___ │ 
2025-07-22 02:39:28,931 INFO     ___FILE_ONLY___ Not Installed
2025-07-22 02:39:28,931 INFO     ___FILE_ONLY___  
2025-07-22 02:39:28,931 INFO     ___FILE_ONLY___ │ 
2025-07-22 02:39:28,931 INFO     ___FILE_ONLY___ kubectl-oidc                                        
2025-07-22 02:39:28,931 INFO     ___FILE_ONLY___  
2025-07-22 02:39:28,931 INFO     ___FILE_ONLY___ │ 
2025-07-22 02:39:28,931 INFO     ___FILE_ONLY___ kubectl-oidc                
2025-07-22 02:39:28,931 INFO     ___FILE_ONLY___  
2025-07-22 02:39:28,931 INFO     ___FILE_ONLY___ │ 
2025-07-22 02:39:28,931 INFO     ___FILE_ONLY___  20.4 MiB
2025-07-22 02:39:28,932 INFO     ___FILE_ONLY___  
2025-07-22 02:39:28,932 INFO     ___FILE_ONLY___ │
2025-07-22 02:39:28,932 INFO     ___FILE_ONLY___ 

2025-07-22 02:39:28,932 INFO     ___FILE_ONLY___ │ 
2025-07-22 02:39:28,932 INFO     ___FILE_ONLY___ Not Installed
2025-07-22 02:39:28,932 INFO     ___FILE_ONLY___  
2025-07-22 02:39:28,932 INFO     ___FILE_ONLY___ │ 
2025-07-22 02:39:28,932 INFO     ___FILE_ONLY___ pkg                                                 
2025-07-22 02:39:28,932 INFO     ___FILE_ONLY___  
2025-07-22 02:39:28,932 INFO     ___FILE_ONLY___ │ 
2025-07-22 02:39:28,933 INFO     ___FILE_ONLY___ pkg                         
2025-07-22 02:39:28,933 INFO     ___FILE_ONLY___  
2025-07-22 02:39:28,933 INFO     ___FILE_ONLY___ │ 
2025-07-22 02:39:28,933 INFO     ___FILE_ONLY___          
2025-07-22 02:39:28,933 INFO     ___FILE_ONLY___  
2025-07-22 02:39:28,933 INFO     ___FILE_ONLY___ │
2025-07-22 02:39:28,933 INFO     ___FILE_ONLY___ 

2025-07-22 02:39:28,933 INFO     ___FILE_ONLY___ │ 
2025-07-22 02:39:28,933 INFO     ___FILE_ONLY___ Installed    
2025-07-22 02:39:28,933 INFO     ___FILE_ONLY___  
2025-07-22 02:39:28,934 INFO     ___FILE_ONLY___ │ 
2025-07-22 02:39:28,934 INFO     ___FILE_ONLY___ BigQuery Command Line Tool                          
2025-07-22 02:39:28,934 INFO     ___FILE_ONLY___  
2025-07-22 02:39:28,934 INFO     ___FILE_ONLY___ │ 
2025-07-22 02:39:28,934 INFO     ___FILE_ONLY___ bq                          
2025-07-22 02:39:28,934 INFO     ___FILE_ONLY___  
2025-07-22 02:39:28,934 INFO     ___FILE_ONLY___ │ 
2025-07-22 02:39:28,934 INFO     ___FILE_ONLY___   1.8 MiB
2025-07-22 02:39:28,934 INFO     ___FILE_ONLY___  
2025-07-22 02:39:28,934 INFO     ___FILE_ONLY___ │
2025-07-22 02:39:28,934 INFO     ___FILE_ONLY___ 

2025-07-22 02:39:28,935 INFO     ___FILE_ONLY___ │ 
2025-07-22 02:39:28,935 INFO     ___FILE_ONLY___ Installed    
2025-07-22 02:39:28,935 INFO     ___FILE_ONLY___  
2025-07-22 02:39:28,935 INFO     ___FILE_ONLY___ │ 
2025-07-22 02:39:28,935 INFO     ___FILE_ONLY___ Cloud Storage Command Line Tool                     
2025-07-22 02:39:28,935 INFO     ___FILE_ONLY___  
2025-07-22 02:39:28,935 INFO     ___FILE_ONLY___ │ 
2025-07-22 02:39:28,935 INFO     ___FILE_ONLY___ gsutil                      
2025-07-22 02:39:28,935 INFO     ___FILE_ONLY___  
2025-07-22 02:39:28,935 INFO     ___FILE_ONLY___ │ 
2025-07-22 02:39:28,935 INFO     ___FILE_ONLY___  12.4 MiB
2025-07-22 02:39:28,935 INFO     ___FILE_ONLY___  
2025-07-22 02:39:28,936 INFO     ___FILE_ONLY___ │
2025-07-22 02:39:28,936 INFO     ___FILE_ONLY___ 

2025-07-22 02:39:28,936 INFO     ___FILE_ONLY___ │ 
2025-07-22 02:39:28,936 INFO     ___FILE_ONLY___ Installed    
2025-07-22 02:39:28,936 INFO     ___FILE_ONLY___  
2025-07-22 02:39:28,936 INFO     ___FILE_ONLY___ │ 
2025-07-22 02:39:28,936 INFO     ___FILE_ONLY___ Google Cloud CLI Core Libraries                     
2025-07-22 02:39:28,936 INFO     ___FILE_ONLY___  
2025-07-22 02:39:28,936 INFO     ___FILE_ONLY___ │ 
2025-07-22 02:39:28,936 INFO     ___FILE_ONLY___ core                        
2025-07-22 02:39:28,936 INFO     ___FILE_ONLY___  
2025-07-22 02:39:28,937 INFO     ___FILE_ONLY___ │ 
2025-07-22 02:39:28,937 INFO     ___FILE_ONLY___  22.0 MiB
2025-07-22 02:39:28,937 INFO     ___FILE_ONLY___  
2025-07-22 02:39:28,937 INFO     ___FILE_ONLY___ │
2025-07-22 02:39:28,937 INFO     ___FILE_ONLY___ 

2025-07-22 02:39:28,937 INFO     ___FILE_ONLY___ │ 
2025-07-22 02:39:28,937 INFO     ___FILE_ONLY___ Installed    
2025-07-22 02:39:28,938 INFO     ___FILE_ONLY___  
2025-07-22 02:39:28,938 INFO     ___FILE_ONLY___ │ 
2025-07-22 02:39:28,938 INFO     ___FILE_ONLY___ Google Cloud CRC32C Hash Tool                       
2025-07-22 02:39:28,938 INFO     ___FILE_ONLY___  
2025-07-22 02:39:28,938 INFO     ___FILE_ONLY___ │ 
2025-07-22 02:39:28,938 INFO     ___FILE_ONLY___ gcloud-crc32c               
2025-07-22 02:39:28,938 INFO     ___FILE_ONLY___  
2025-07-22 02:39:28,939 INFO     ___FILE_ONLY___ │ 
2025-07-22 02:39:28,939 INFO     ___FILE_ONLY___   1.4 MiB
2025-07-22 02:39:28,939 INFO     ___FILE_ONLY___  
2025-07-22 02:39:28,939 INFO     ___FILE_ONLY___ │
2025-07-22 02:39:28,939 INFO     ___FILE_ONLY___ 

2025-07-22 02:39:28,939 INFO     ___FILE_ONLY___ │ 
2025-07-22 02:39:28,939 INFO     ___FILE_ONLY___ Installed    
2025-07-22 02:39:28,939 INFO     ___FILE_ONLY___  
2025-07-22 02:39:28,939 INFO     ___FILE_ONLY___ │ 
2025-07-22 02:39:28,939 INFO     ___FILE_ONLY___ Google Container Registry's Docker credential helper
2025-07-22 02:39:28,939 INFO     ___FILE_ONLY___  
2025-07-22 02:39:28,940 INFO     ___FILE_ONLY___ │ 
2025-07-22 02:39:28,940 INFO     ___FILE_ONLY___ docker-credential-gcr       
2025-07-22 02:39:28,940 INFO     ___FILE_ONLY___  
2025-07-22 02:39:28,940 INFO     ___FILE_ONLY___ │ 
2025-07-22 02:39:28,940 INFO     ___FILE_ONLY___   2.0 MiB
2025-07-22 02:39:28,940 INFO     ___FILE_ONLY___  
2025-07-22 02:39:28,940 INFO     ___FILE_ONLY___ │
2025-07-22 02:39:28,940 INFO     ___FILE_ONLY___ 

2025-07-22 02:39:28,940 INFO     ___FILE_ONLY___ │ 
2025-07-22 02:39:28,940 INFO     ___FILE_ONLY___ Installed    
2025-07-22 02:39:28,940 INFO     ___FILE_ONLY___  
2025-07-22 02:39:28,941 INFO     ___FILE_ONLY___ │ 
2025-07-22 02:39:28,941 INFO     ___FILE_ONLY___ gcloud Beta Commands                                
2025-07-22 02:39:28,941 INFO     ___FILE_ONLY___  
2025-07-22 02:39:28,941 INFO     ___FILE_ONLY___ │ 
2025-07-22 02:39:28,941 INFO     ___FILE_ONLY___ beta                        
2025-07-22 02:39:28,941 INFO     ___FILE_ONLY___  
2025-07-22 02:39:28,941 INFO     ___FILE_ONLY___ │ 
2025-07-22 02:39:28,941 INFO     ___FILE_ONLY___   < 1 MiB
2025-07-22 02:39:28,941 INFO     ___FILE_ONLY___  
2025-07-22 02:39:28,941 INFO     ___FILE_ONLY___ │
2025-07-22 02:39:28,942 INFO     ___FILE_ONLY___ 

2025-07-22 02:39:28,942 INFO     ___FILE_ONLY___ │ 
2025-07-22 02:39:28,942 INFO     ___FILE_ONLY___ Installed    
2025-07-22 02:39:28,942 INFO     ___FILE_ONLY___  
2025-07-22 02:39:28,942 INFO     ___FILE_ONLY___ │ 
2025-07-22 02:39:28,942 INFO     ___FILE_ONLY___ gke-gcloud-auth-plugin                              
2025-07-22 02:39:28,942 INFO     ___FILE_ONLY___  
2025-07-22 02:39:28,942 INFO     ___FILE_ONLY___ │ 
2025-07-22 02:39:28,942 INFO     ___FILE_ONLY___ gke-gcloud-auth-plugin      
2025-07-22 02:39:28,943 INFO     ___FILE_ONLY___  
2025-07-22 02:39:28,943 INFO     ___FILE_ONLY___ │ 
2025-07-22 02:39:28,943 INFO     ___FILE_ONLY___   3.2 MiB
2025-07-22 02:39:28,943 INFO     ___FILE_ONLY___  
2025-07-22 02:39:28,943 INFO     ___FILE_ONLY___ │
2025-07-22 02:39:28,943 INFO     ___FILE_ONLY___ 

2025-07-22 02:39:28,943 INFO     ___FILE_ONLY___ │ 
2025-07-22 02:39:28,943 INFO     ___FILE_ONLY___ Installed    
2025-07-22 02:39:28,943 INFO     ___FILE_ONLY___  
2025-07-22 02:39:28,943 INFO     ___FILE_ONLY___ │ 
2025-07-22 02:39:28,944 INFO     ___FILE_ONLY___ kubectl                                             
2025-07-22 02:39:28,944 INFO     ___FILE_ONLY___  
2025-07-22 02:39:28,944 INFO     ___FILE_ONLY___ │ 
2025-07-22 02:39:28,944 INFO     ___FILE_ONLY___ kubectl                     
2025-07-22 02:39:28,944 INFO     ___FILE_ONLY___  
2025-07-22 02:39:28,944 INFO     ___FILE_ONLY___ │ 
2025-07-22 02:39:28,944 INFO     ___FILE_ONLY___   < 1 MiB
2025-07-22 02:39:28,944 INFO     ___FILE_ONLY___  
2025-07-22 02:39:28,944 INFO     ___FILE_ONLY___ │
2025-07-22 02:39:28,944 INFO     ___FILE_ONLY___ 

2025-07-22 02:39:28,944 INFO     ___FILE_ONLY___ └───────────────┴──────────────────────────────────────────────────────┴──────────────────────────────┴───────────┘
2025-07-22 02:39:28,945 INFO     ___FILE_ONLY___ 

2025-07-22 02:39:28,945 INFO     ___FILE_ONLY___ To install or remove components at your current Google Cloud CLI version [530.0.0], run:
  $ gcloud components install COMPONENT_ID
  $ gcloud components remove COMPONENT_ID

To update your Google Cloud CLI installation to the latest version [530.0.0], run:
  $ gcloud components update


2025-07-22 02:39:28,951 DEBUG    root            Metrics reporting process started...
