2025-07-22 02:45:39,706 DEBUG    root            Loaded Command Group: ['gcloud', 'compute']
2025-07-22 02:45:39,710 DEBUG    root            Loaded Command Group: ['gcloud', 'compute', 'instances']
2025-07-22 02:45:39,722 DEBUG    root            Loaded Command Group: ['gcloud', 'compute', 'instances', 'list']
2025-07-22 02:45:39,726 DEBUG    root            Running [gcloud.compute.instances.list] with arguments: []
2025-07-22 02:45:39,981 DEBUG    root            Chosen display Format:    table(
      name,
      zone.basename(),
      machineType.machine_type().basename(),
      scheduling.preemptible.yesno(yes=true, no=''),
      networkInterfaces.internal_ip():label=INTERNAL_IP,
      external_ip():label=EXTERNAL_IP,
      status
    )
2025-07-22 02:45:39,982 INFO     root            Display format: "    table(
      name,
      zone.basename(),
      machineType.machine_type().basename(),
      scheduling.preemptible.yesno(yes=true, no=''),
      networkInterfaces.internal_ip():label=INTERNAL_IP,
      external_ip():label=EXTERNAL_IP,
      status
    )"
2025-07-22 02:45:39,987 DEBUG    urllib3.connectionpool Starting new HTTPS connection (1): compute.googleapis.com:443
2025-07-22 02:45:40,694 DEBUG    urllib3.connectionpool https://compute.googleapis.com:443 "GET /compute/v1/projects/elparadisogonzalo-project/aggregated/instances?alt=json&includeAllScopes=True&maxResults=500&returnPartialSuccess=True HTTP/11" 403 None
2025-07-22 02:45:40,699 DEBUG    root            Chosen display Format:list[title="Some requests did not succeed.",always-display-title]
2025-07-22 02:45:40,700 WARNING  root            Some requests did not succeed.
 - Permission denied: Consumer 'projects/elparadisogonzalo-project' has been suspended.

2025-07-22 02:45:40,717 INFO     root            cache collection=compute.instances api_version=v1 params=['project', 'zone', 'instance']
2025-07-22 02:45:40,784 INFO     ___FILE_ONLY___ Listed 0 items.

2025-07-22 02:45:40,785 DEBUG    root            SDK update checks are disabled.
2025-07-22 02:45:40,792 DEBUG    root            Metrics reporting process started...
