2025-07-22 02:41:13,055 DEBUG    root            Loaded Command Group: ['gcloud', 'auth']
2025-07-22 02:41:13,091 DEBUG    root            Loaded Command Group: ['gcloud', 'auth', 'login']
2025-07-22 02:41:13,095 DEBUG    root            Running [gcloud.auth.login] with arguments: []
2025-07-22 02:41:13,585 DEBUG    requests_oauthlib.oauth2_session Generated new state WjYYPWiEEvC0EzXTYnEDj0Hpd3RS07.
2025-07-22 02:41:13,585 INFO     ___FILE_ONLY___ Go to the following link in your browser, and complete the sign-in prompts:

    https://accounts.google.com/o/oauth2/auth?response_type=code&client_id=32555940559.apps.googleusercontent.com&redirect_uri=https%3A%2F%2Fsdk.cloud.google.com%2Fauthcode.html&scope=openid+https%3A%2F%2Fwww.googleapis.com%2Fauth%2Fuserinfo.email+https%3A%2F%2Fwww.googleapis.com%2Fauth%2Fcloud-platform+https%3A%2F%2Fwww.googleapis.com%2Fauth%2Fappengine.admin+https%3A%2F%2Fwww.googleapis.com%2Fauth%2Fsqlservice.login+https%3A%2F%2Fwww.googleapis.com%2Fauth%2Fcompute+https%3A%2F%2Fwww.googleapis.com%2Fauth%2Faccounts.reauth&state=WjYYPWiEEvC0EzXTYnEDj0Hpd3RS07&prompt=consent&token_usage=remote&access_type=offline&code_challenge=twkM9R-QHNtfsSrRydMNK-HSdwXUF4VfxtwKFtwsUwE&code_challenge_method=S256


2025-07-22 02:42:12,700 DEBUG    requests_oauthlib.oauth2_session Requesting url https://oauth2.googleapis.com/token using method POST.
2025-07-22 02:42:12,700 DEBUG    requests_oauthlib.oauth2_session Supplying headers {b'Accept': b'application/json', b'Content-Type': b'application/x-www-form-urlencoded;charset=UTF-8', b'user-agent': b'google-cloud-sdk gcloud/530.0.0 command/gcloud.auth.login invocation-id/55833ad398574d8382b2039b7a26d9ac environment/None environment-version/None client-os/LINUX client-os-ver/5.10.226 client-pltf-arch/arm interactive/True from-script/False python/3.12.11 term/xterm-256color (Linux 5.10.226-android12-9-00047-g4968e29b7f92-ab12786767)'} and data {'grant_type': 'authorization_code', 'client_id': '32555940559.apps.googleusercontent.com', 'client_secret': 'ZmssLNjJy2998hD4CTg2ejr2', 'code': '4/0AVMBsJjL9OOXQSjbQPSQxm3Lqvf3YabksSP2JjW05zNzD1dPMHGzS7YQ3nX3_5HwuPk9Kg', 'redirect_uri': 'https://sdk.cloud.google.com/authcode.html', 'code_verifier': 'jgLAtRwWwPvSl_rizrtuQSD4RyU7WjinzEp2NjbiY7eNmX778CDsY2g4XhQ3pAsEZuncPn6zR8mpqni__rD1t6R0ADWDX5Sjg0AqvlaZoN~KOqzOJxqL2Jqxp.aUfack'}
2025-07-22 02:42:12,701 DEBUG    requests_oauthlib.oauth2_session Passing through key word arguments {'json': None, 'timeout': None, 'auth': None, 'verify': None, 'proxies': None}.
2025-07-22 02:42:12,703 DEBUG    urllib3.connectionpool Starting new HTTPS connection (1): oauth2.googleapis.com:443
2025-07-22 02:42:13,532 DEBUG    urllib3.connectionpool https://oauth2.googleapis.com:443 "POST /token HTTP/11" 200 None
2025-07-22 02:42:13,535 DEBUG    requests_oauthlib.oauth2_session Prepared fetch token request body grant_type=authorization_code&client_id=32555940559.apps.googleusercontent.com&client_secret=ZmssLNjJy2998hD4CTg2ejr2&code=4%2F0AVMBsJjL9OOXQSjbQPSQxm3Lqvf3YabksSP2JjW05zNzD1dPMHGzS7YQ3nX3_5HwuPk9Kg&redirect_uri=https%3A%2F%2Fsdk.cloud.google.com%2Fauthcode.html&code_verifier=jgLAtRwWwPvSl_rizrtuQSD4RyU7WjinzEp2NjbiY7eNmX778CDsY2g4XhQ3pAsEZuncPn6zR8mpqni__rD1t6R0ADWDX5Sjg0AqvlaZoN~KOqzOJxqL2Jqxp.aUfack
2025-07-22 02:42:13,535 DEBUG    requests_oauthlib.oauth2_session Request to fetch token completed with status 200.
2025-07-22 02:42:13,536 DEBUG    requests_oauthlib.oauth2_session Request headers were {'user-agent': b'google-cloud-sdk gcloud/530.0.0 command/gcloud.auth.login invocation-id/55833ad398574d8382b2039b7a26d9ac environment/None environment-version/None client-os/LINUX client-os-ver/5.10.226 client-pltf-arch/arm interactive/True from-script/False python/3.12.11 term/xterm-256color (Linux 5.10.226-android12-9-00047-g4968e29b7f92-ab12786767)', 'Accept-Encoding': 'gzip, deflate', 'Accept': b'application/json', 'Connection': 'keep-alive', 'Content-Type': b'application/x-www-form-urlencoded;charset=UTF-8', 'Content-Length': '405'}
2025-07-22 02:42:13,537 DEBUG    requests_oauthlib.oauth2_session Request body was grant_type=authorization_code&client_id=32555940559.apps.googleusercontent.com&client_secret=ZmssLNjJy2998hD4CTg2ejr2&code=4%2F0AVMBsJjL9OOXQSjbQPSQxm3Lqvf3YabksSP2JjW05zNzD1dPMHGzS7YQ3nX3_5HwuPk9Kg&redirect_uri=https%3A%2F%2Fsdk.cloud.google.com%2Fauthcode.html&code_verifier=jgLAtRwWwPvSl_rizrtuQSD4RyU7WjinzEp2NjbiY7eNmX778CDsY2g4XhQ3pAsEZuncPn6zR8mpqni__rD1t6R0ADWDX5Sjg0AqvlaZoN~KOqzOJxqL2Jqxp.aUfack
2025-07-22 02:42:13,537 DEBUG    requests_oauthlib.oauth2_session Response headers were {'Pragma': 'no-cache', 'Cache-Control': 'no-cache, no-store, max-age=0, must-revalidate', 'Date': 'Tue, 22 Jul 2025 01:42:13 GMT', 'Expires': 'Mon, 01 Jan 1990 00:00:00 GMT', 'Content-Type': 'application/json; charset=utf-8', 'Vary': 'Origin, X-Origin, Referer', 'Content-Encoding': 'gzip', 'Server': 'scaffolding on HTTPServer2', 'X-XSS-Protection': '0', 'X-Frame-Options': 'SAMEORIGIN', 'X-Content-Type-Options': 'nosniff', 'Alt-Svc': 'h3=":443"; ma=2592000,h3-29=":443"; ma=2592000', 'Transfer-Encoding': 'chunked'} and content {
  "access_token": "ya29.a0AS3H6Ny1Kkuofi1vt1H0E7Nd5EhkDNW-MxuNU0MAAhE9np32U7U9pcSKf3eR74UAohIwDw1sQw5vUA4tBfrs02T7aQzqoU5TkfvNvtz1bD09UjTr0ti6Uab4Gb4HILHXbLa5v79nLsh3zHTOT49kVnB1wk-py_npwdbUEFzDlAhnhgaCgYKAUMSARYSFQHGX2MiYk58rS4-dbW3xHC7_yk6vw0181",
  "expires_in": 3599,
  "refresh_token": "1//03xlTya2E9NA0CgYIARAAGAMSNwF-L9IrRXJJTNQANyZB22IaGOM0orl8YEKWVvcWSqoOc9SLwxlR4I_IVWhG7nDnM5yGnBE8QBk",
  "scope": "https://www.googleapis.com/auth/userinfo.email https://www.googleapis.com/auth/sqlservice.login https://www.googleapis.com/auth/compute https://www.googleapis.com/auth/appengine.admin https://www.googleapis.com/auth/accounts.reauth https://www.googleapis.com/auth/cloud-platform openid",
  "token_type": "Bearer",
  "id_token": "eyJhbGciOiJSUzI1NiIsImtpZCI6ImI1MDljNTEzODc2OGY3Y2YyZTgyN2UwNGIyN2U3ZTRjYmM3YmI5MTkiLCJ0eXAiOiJKV1QifQ.eyJpc3MiOiJodHRwczovL2FjY291bnRzLmdvb2dsZS5jb20iLCJhenAiOiIzMjU1NTk0MDU1OS5hcHBzLmdvb2dsZXVzZXJjb250ZW50LmNvbSIsImF1ZCI6IjMyNTU1OTQwNTU5LmFwcHMuZ29vZ2xldXNlcmNvbnRlbnQuY29tIiwic3ViIjoiMTE3MDQxMzY0MzU0MTMzNzcyMTA2IiwiZW1haWwiOiJnZW55b3VuZ2NsaXBAZ21haWwuY29tIiwiZW1haWxfdmVyaWZpZWQiOnRydWUsImF0X2hhc2giOiJKZFVKckdIS2xtZGVNUUhLQ1Z5ek1nIiwiaWF0IjoxNzUzMTQ4NTMzLCJleHAiOjE3NTMxNTIxMzN9.cYzlUbhFxu1fWdrDK2-uJDxjTTsBzloBKwZMUTvGxUALNmL_OHWc_GyB_fnBIbhJ-gqa4hdrJUb-hjjIMjnKlfnuAZShzE7gm42h9F9dtifIW7BmmX0ePzwn5YUKeD9Dkmp4mXQt7gmwY1RV27GMtSt7eVXUNPhgTfoZ6rFopPHbFAgOMdl6GMhaGOc4vArunq-VpFwTsojYWYl5hFhzDoTljCBMmeKqyXkHI88102fx18wtLxgb1yKpdUfUzfbm8z-x9YjFAkRqZHSSsQAB6jlREhf0L13Way8C4bd_hngtKHxT0gj8OC3r-1cy6nxCJZTFItPRrBnxP-EBiaFGVQ"
}.
2025-07-22 02:42:13,537 DEBUG    requests_oauthlib.oauth2_session Invoking 0 token response hooks.
2025-07-22 02:42:13,538 DEBUG    requests_oauthlib.oauth2_session Obtained token {'access_token': 'ya29.a0AS3H6Ny1Kkuofi1vt1H0E7Nd5EhkDNW-MxuNU0MAAhE9np32U7U9pcSKf3eR74UAohIwDw1sQw5vUA4tBfrs02T7aQzqoU5TkfvNvtz1bD09UjTr0ti6Uab4Gb4HILHXbLa5v79nLsh3zHTOT49kVnB1wk-py_npwdbUEFzDlAhnhgaCgYKAUMSARYSFQHGX2MiYk58rS4-dbW3xHC7_yk6vw0181', 'expires_in': 3599, 'refresh_token': '1//03xlTya2E9NA0CgYIARAAGAMSNwF-L9IrRXJJTNQANyZB22IaGOM0orl8YEKWVvcWSqoOc9SLwxlR4I_IVWhG7nDnM5yGnBE8QBk', 'scope': ['https://www.googleapis.com/auth/userinfo.email', 'https://www.googleapis.com/auth/sqlservice.login', 'https://www.googleapis.com/auth/compute', 'https://www.googleapis.com/auth/appengine.admin', 'https://www.googleapis.com/auth/accounts.reauth', 'https://www.googleapis.com/auth/cloud-platform', 'openid'], 'token_type': 'Bearer', 'id_token': 'eyJhbGciOiJSUzI1NiIsImtpZCI6ImI1MDljNTEzODc2OGY3Y2YyZTgyN2UwNGIyN2U3ZTRjYmM3YmI5MTkiLCJ0eXAiOiJKV1QifQ.eyJpc3MiOiJodHRwczovL2FjY291bnRzLmdvb2dsZS5jb20iLCJhenAiOiIzMjU1NTk0MDU1OS5hcHBzLmdvb2dsZXVzZXJjb250ZW50LmNvbSIsImF1ZCI6IjMyNTU1OTQwNTU5LmFwcHMuZ29vZ2xldXNlcmNvbnRlbnQuY29tIiwic3ViIjoiMTE3MDQxMzY0MzU0MTMzNzcyMTA2IiwiZW1haWwiOiJnZW55b3VuZ2NsaXBAZ21haWwuY29tIiwiZW1haWxfdmVyaWZpZWQiOnRydWUsImF0X2hhc2giOiJKZFVKckdIS2xtZGVNUUhLQ1Z5ek1nIiwiaWF0IjoxNzUzMTQ4NTMzLCJleHAiOjE3NTMxNTIxMzN9.cYzlUbhFxu1fWdrDK2-uJDxjTTsBzloBKwZMUTvGxUALNmL_OHWc_GyB_fnBIbhJ-gqa4hdrJUb-hjjIMjnKlfnuAZShzE7gm42h9F9dtifIW7BmmX0ePzwn5YUKeD9Dkmp4mXQt7gmwY1RV27GMtSt7eVXUNPhgTfoZ6rFopPHbFAgOMdl6GMhaGOc4vArunq-VpFwTsojYWYl5hFhzDoTljCBMmeKqyXkHI88102fx18wtLxgb1yKpdUfUzfbm8z-x9YjFAkRqZHSSsQAB6jlREhf0L13Way8C4bd_hngtKHxT0gj8OC3r-1cy6nxCJZTFItPRrBnxP-EBiaFGVQ', 'expires_at': 1753152132.538374}.
2025-07-22 02:42:13,578 INFO     ___FILE_ONLY___ 
You are now logged in as [genyoungclip@gmail.com].
Your current project is [elparadisogonzalo-project].  You can change this setting by running:
  $ gcloud config set project PROJECT_ID

2025-07-22 02:42:13,578 DEBUG    root            Chosen display Format:none
2025-07-22 02:42:13,578 INFO     root            Display format: "none"
2025-07-22 02:42:13,606 DEBUG    root            SDK update checks are disabled.
2025-07-22 02:42:13,622 DEBUG    root            Metrics reporting process started...
