2025-07-22 02:43:25,796 DEBUG    root            Loaded Command Group: ['gcloud', 'components']
2025-07-22 02:43:25,802 DEBUG    root            Loaded Command Group: ['gcloud', 'components', 'install']
2025-07-22 02:43:25,804 DEBUG    root            Running [gcloud.components.install] with arguments: [COMPONENT-IDS:1: "['app-engine-python']"]
2025-07-22 02:43:25,817 DEBUG    urllib3.connectionpool Starting new HTTPS connection (1): dl.google.com:443
2025-07-22 02:43:26,406 DEBUG    urllib3.connectionpool https://dl.google.com:443 "GET /dl/cloudsdk/channels/rapid/components-v530.0.0.json HTTP/11" 200 239798
2025-07-22 02:43:27,431 INFO     ___FILE_ONLY___ 

2025-07-22 02:43:27,431 INFO     ___FILE_ONLY___ 
Your current Google Cloud CLI version is: 530.0.0

2025-07-22 02:43:27,432 INFO     ___FILE_ONLY___ Installing components from version: 530.0.0

2025-07-22 02:43:27,432 INFO     ___FILE_ONLY___ 

2025-07-22 02:43:27,432 DEBUG    root            Chosen display Format:table[box,title="These components will be removed."](details.display_name:label=Name:align=left,version.version_string:label=Version:align=right,data.size.size(zero="",min=1048576):label=Size:align=right)
2025-07-22 02:43:27,433 DEBUG    root            Chosen display Format:table[box,title="These components will be updated."](details.display_name:label=Name:align=left,version.version_string:label=Version:align=right,data.size.size(zero="",min=1048576):label=Size:align=right)
2025-07-22 02:43:27,434 DEBUG    root            Chosen display Format:table[box,title="These components will be installed."](details.display_name:label=Name:align=left,version.version_string:label=Version:align=right,data.size.size(zero="",min=1048576):label=Size:align=right)
2025-07-22 02:43:27,472 INFO     ___FILE_ONLY___ ┌───────────────────────────────────────────────────┐
2025-07-22 02:43:27,472 INFO     ___FILE_ONLY___ 

2025-07-22 02:43:27,473 INFO     ___FILE_ONLY___ │        These components will be installed.        │
2025-07-22 02:43:27,473 INFO     ___FILE_ONLY___ 

2025-07-22 02:43:27,473 INFO     ___FILE_ONLY___ ├──────────────────────────────┬─────────┬──────────┤
2025-07-22 02:43:27,473 INFO     ___FILE_ONLY___ 

2025-07-22 02:43:27,473 INFO     ___FILE_ONLY___ │             Name             │ Version │   Size   │
2025-07-22 02:43:27,474 INFO     ___FILE_ONLY___ 

2025-07-22 02:43:27,474 INFO     ___FILE_ONLY___ ├──────────────────────────────┼─────────┼──────────┤
2025-07-22 02:43:27,474 INFO     ___FILE_ONLY___ 

2025-07-22 02:43:27,474 INFO     ___FILE_ONLY___ │ 
2025-07-22 02:43:27,474 INFO     ___FILE_ONLY___ Cloud Datastore Emulator    
2025-07-22 02:43:27,474 INFO     ___FILE_ONLY___  
2025-07-22 02:43:27,474 INFO     ___FILE_ONLY___ │ 
2025-07-22 02:43:27,475 INFO     ___FILE_ONLY___   2.3.1
2025-07-22 02:43:27,475 INFO     ___FILE_ONLY___  
2025-07-22 02:43:27,475 INFO     ___FILE_ONLY___ │ 
2025-07-22 02:43:27,475 INFO     ___FILE_ONLY___ 36.2 MiB
2025-07-22 02:43:27,475 INFO     ___FILE_ONLY___  
2025-07-22 02:43:27,475 INFO     ___FILE_ONLY___ │
2025-07-22 02:43:27,475 INFO     ___FILE_ONLY___ 

2025-07-22 02:43:27,476 INFO     ___FILE_ONLY___ │ 
2025-07-22 02:43:27,476 INFO     ___FILE_ONLY___ gcloud app Python Extensions
2025-07-22 02:43:27,476 INFO     ___FILE_ONLY___  
2025-07-22 02:43:27,476 INFO     ___FILE_ONLY___ │ 
2025-07-22 02:43:27,476 INFO     ___FILE_ONLY___ 1.9.117
2025-07-22 02:43:27,476 INFO     ___FILE_ONLY___  
2025-07-22 02:43:27,476 INFO     ___FILE_ONLY___ │ 
2025-07-22 02:43:27,476 INFO     ___FILE_ONLY___  3.8 MiB
2025-07-22 02:43:27,477 INFO     ___FILE_ONLY___  
2025-07-22 02:43:27,477 INFO     ___FILE_ONLY___ │
2025-07-22 02:43:27,477 INFO     ___FILE_ONLY___ 

2025-07-22 02:43:27,477 INFO     ___FILE_ONLY___ └──────────────────────────────┴─────────┴──────────┘
2025-07-22 02:43:27,477 INFO     ___FILE_ONLY___ 

2025-07-22 02:43:27,477 INFO     ___FILE_ONLY___ 

2025-07-22 02:43:27,484 DEBUG    urllib3.connectionpool Starting new HTTPS connection (1): dl.google.com:443
2025-07-22 02:43:28,161 DEBUG    urllib3.connectionpool https://dl.google.com:443 "GET /dl/cloudsdk/channels/rapid/RELEASE_NOTES HTTP/11" 200 1449519
2025-07-22 02:43:32,350 INFO     ___FILE_ONLY___ For the latest full release notes, please visit:
  https://cloud.google.com/sdk/release_notes


2025-07-22 02:43:37,361 INFO     ___FILE_ONLY___ Performing in place update...


2025-07-22 02:43:37,362 INFO     ___FILE_ONLY___ ╔════════════════════════════════════════════════════════════╗

2025-07-22 02:43:37,362 INFO     ___FILE_ONLY___ ╠═ Downloading: Cloud Datastore Emulator                    ═╣

2025-07-22 02:43:37,362 INFO     ___FILE_ONLY___ ╚
2025-07-22 02:43:37,366 DEBUG    urllib3.connectionpool Starting new HTTPS connection (1): dl.google.com:443
2025-07-22 02:43:38,062 DEBUG    urllib3.connectionpool https://dl.google.com:443 "GET /dl/cloudsdk/channels/rapid/components/google-cloud-sdk-cloud-datastore-emulator-20230707144938.tar.gz HTTP/11" 200 37925014
2025-07-22 02:44:51,411 INFO     ___FILE_ONLY___ ═
2025-07-22 02:44:51,412 INFO     ___FILE_ONLY___ ═
2025-07-22 02:44:51,413 INFO     ___FILE_ONLY___ ═
2025-07-22 02:44:51,413 INFO     ___FILE_ONLY___ ═
2025-07-22 02:44:51,414 INFO     ___FILE_ONLY___ ═
2025-07-22 02:44:51,415 INFO     ___FILE_ONLY___ ═
2025-07-22 02:44:51,416 INFO     ___FILE_ONLY___ ═
2025-07-22 02:44:51,416 INFO     ___FILE_ONLY___ ═
2025-07-22 02:44:51,417 INFO     ___FILE_ONLY___ ═
2025-07-22 02:44:51,418 INFO     ___FILE_ONLY___ ═
2025-07-22 02:44:51,418 INFO     ___FILE_ONLY___ ═
2025-07-22 02:44:51,419 INFO     ___FILE_ONLY___ ═
2025-07-22 02:44:51,420 INFO     ___FILE_ONLY___ ═
2025-07-22 02:44:51,420 INFO     ___FILE_ONLY___ ═
2025-07-22 02:44:51,421 INFO     ___FILE_ONLY___ ═
2025-07-22 02:44:51,422 INFO     ___FILE_ONLY___ ═
2025-07-22 02:44:51,422 INFO     ___FILE_ONLY___ ═
2025-07-22 02:44:51,423 INFO     ___FILE_ONLY___ ═
2025-07-22 02:44:51,424 INFO     ___FILE_ONLY___ ═
2025-07-22 02:44:51,424 INFO     ___FILE_ONLY___ ═
2025-07-22 02:44:51,425 INFO     ___FILE_ONLY___ ═
2025-07-22 02:44:51,426 INFO     ___FILE_ONLY___ ═
2025-07-22 02:44:51,426 INFO     ___FILE_ONLY___ ═
2025-07-22 02:44:51,427 INFO     ___FILE_ONLY___ ═
2025-07-22 02:44:51,428 INFO     ___FILE_ONLY___ ═
2025-07-22 02:44:51,428 INFO     ___FILE_ONLY___ ═
2025-07-22 02:44:51,429 INFO     ___FILE_ONLY___ ═
2025-07-22 02:44:51,430 INFO     ___FILE_ONLY___ ═
2025-07-22 02:44:51,430 INFO     ___FILE_ONLY___ ═
2025-07-22 02:44:51,431 INFO     ___FILE_ONLY___ ═
2025-07-22 02:44:51,432 INFO     ___FILE_ONLY___ ═
2025-07-22 02:44:51,432 INFO     ___FILE_ONLY___ ═
2025-07-22 02:44:51,433 INFO     ___FILE_ONLY___ ═
2025-07-22 02:44:51,434 INFO     ___FILE_ONLY___ ═
2025-07-22 02:44:51,434 INFO     ___FILE_ONLY___ ═
2025-07-22 02:44:51,435 INFO     ___FILE_ONLY___ ═
2025-07-22 02:44:51,436 INFO     ___FILE_ONLY___ ═
2025-07-22 02:44:51,437 INFO     ___FILE_ONLY___ ═
2025-07-22 02:44:51,437 INFO     ___FILE_ONLY___ ═
2025-07-22 02:44:51,438 INFO     ___FILE_ONLY___ ═
2025-07-22 02:44:51,439 INFO     ___FILE_ONLY___ ═
2025-07-22 02:44:51,440 INFO     ___FILE_ONLY___ ═
2025-07-22 02:44:51,441 INFO     ___FILE_ONLY___ ═
2025-07-22 02:44:51,442 INFO     ___FILE_ONLY___ ═
2025-07-22 02:44:51,443 INFO     ___FILE_ONLY___ ═
2025-07-22 02:44:51,443 INFO     ___FILE_ONLY___ ═
2025-07-22 02:44:51,444 INFO     ___FILE_ONLY___ ═
2025-07-22 02:44:51,444 INFO     ___FILE_ONLY___ ═
2025-07-22 02:44:51,445 INFO     ___FILE_ONLY___ ═
2025-07-22 02:44:51,446 INFO     ___FILE_ONLY___ ═
2025-07-22 02:44:51,446 INFO     ___FILE_ONLY___ ═
2025-07-22 02:44:51,447 INFO     ___FILE_ONLY___ ═
2025-07-22 02:44:51,448 INFO     ___FILE_ONLY___ ═
2025-07-22 02:44:51,448 INFO     ___FILE_ONLY___ ═
2025-07-22 02:44:51,449 INFO     ___FILE_ONLY___ ═
2025-07-22 02:44:51,449 INFO     ___FILE_ONLY___ ═
2025-07-22 02:44:51,450 INFO     ___FILE_ONLY___ ═
2025-07-22 02:44:51,451 INFO     ___FILE_ONLY___ ═
2025-07-22 02:44:51,451 INFO     ___FILE_ONLY___ ═
2025-07-22 02:44:51,452 INFO     ___FILE_ONLY___ ═
2025-07-22 02:44:51,452 INFO     ___FILE_ONLY___ ╝
2025-07-22 02:44:51,455 INFO     ___FILE_ONLY___ ╠════════════════════════════════════════════════════════════╣

2025-07-22 02:44:51,455 INFO     ___FILE_ONLY___ ╠═ Downloading: gcloud app Python Extensions                ═╣

2025-07-22 02:44:51,455 INFO     ___FILE_ONLY___ ╚
2025-07-22 02:44:51,459 DEBUG    urllib3.connectionpool Starting new HTTPS connection (1): dl.google.com:443
2025-07-22 02:44:52,093 DEBUG    urllib3.connectionpool https://dl.google.com:443 "GET /dl/cloudsdk/channels/rapid/components/google-cloud-sdk-app-engine-python-20250627154417.tar.gz HTTP/11" 200 4013324
2025-07-22 02:44:55,674 INFO     ___FILE_ONLY___ ═
2025-07-22 02:44:55,675 INFO     ___FILE_ONLY___ ═
2025-07-22 02:44:55,676 INFO     ___FILE_ONLY___ ═
2025-07-22 02:44:55,676 INFO     ___FILE_ONLY___ ═
2025-07-22 02:44:55,677 INFO     ___FILE_ONLY___ ═
2025-07-22 02:44:55,677 INFO     ___FILE_ONLY___ ═
2025-07-22 02:44:55,677 INFO     ___FILE_ONLY___ ═
2025-07-22 02:44:55,678 INFO     ___FILE_ONLY___ ═
2025-07-22 02:44:55,678 INFO     ___FILE_ONLY___ ═
2025-07-22 02:44:55,678 INFO     ___FILE_ONLY___ ═
2025-07-22 02:44:55,679 INFO     ___FILE_ONLY___ ═
2025-07-22 02:44:55,679 INFO     ___FILE_ONLY___ ═
2025-07-22 02:44:55,679 INFO     ___FILE_ONLY___ ═
2025-07-22 02:44:55,680 INFO     ___FILE_ONLY___ ═
2025-07-22 02:44:55,680 INFO     ___FILE_ONLY___ ═
2025-07-22 02:44:55,680 INFO     ___FILE_ONLY___ ═
2025-07-22 02:44:55,681 INFO     ___FILE_ONLY___ ═
2025-07-22 02:44:55,681 INFO     ___FILE_ONLY___ ═
2025-07-22 02:44:55,681 INFO     ___FILE_ONLY___ ═
2025-07-22 02:44:55,682 INFO     ___FILE_ONLY___ ═
2025-07-22 02:44:55,682 INFO     ___FILE_ONLY___ ═
2025-07-22 02:44:55,682 INFO     ___FILE_ONLY___ ═
2025-07-22 02:44:55,683 INFO     ___FILE_ONLY___ ═
2025-07-22 02:44:55,683 INFO     ___FILE_ONLY___ ═
2025-07-22 02:44:55,683 INFO     ___FILE_ONLY___ ═
2025-07-22 02:44:55,683 INFO     ___FILE_ONLY___ ═
2025-07-22 02:44:55,684 INFO     ___FILE_ONLY___ ═
2025-07-22 02:44:55,684 INFO     ___FILE_ONLY___ ═
2025-07-22 02:44:55,684 INFO     ___FILE_ONLY___ ═
2025-07-22 02:44:55,684 INFO     ___FILE_ONLY___ ═
2025-07-22 02:44:55,685 INFO     ___FILE_ONLY___ ═
2025-07-22 02:44:55,685 INFO     ___FILE_ONLY___ ═
2025-07-22 02:44:55,685 INFO     ___FILE_ONLY___ ═
2025-07-22 02:44:55,686 INFO     ___FILE_ONLY___ ═
2025-07-22 02:44:55,686 INFO     ___FILE_ONLY___ ═
2025-07-22 02:44:55,686 INFO     ___FILE_ONLY___ ═
2025-07-22 02:44:55,686 INFO     ___FILE_ONLY___ ═
2025-07-22 02:44:55,687 INFO     ___FILE_ONLY___ ═
2025-07-22 02:44:55,687 INFO     ___FILE_ONLY___ ═
2025-07-22 02:44:55,687 INFO     ___FILE_ONLY___ ═
2025-07-22 02:44:55,687 INFO     ___FILE_ONLY___ ═
2025-07-22 02:44:55,687 INFO     ___FILE_ONLY___ ═
2025-07-22 02:44:55,688 INFO     ___FILE_ONLY___ ═
2025-07-22 02:44:55,688 INFO     ___FILE_ONLY___ ═
2025-07-22 02:44:55,688 INFO     ___FILE_ONLY___ ═
2025-07-22 02:44:55,688 INFO     ___FILE_ONLY___ ═
2025-07-22 02:44:55,688 INFO     ___FILE_ONLY___ ═
2025-07-22 02:44:55,689 INFO     ___FILE_ONLY___ ═
2025-07-22 02:44:55,689 INFO     ___FILE_ONLY___ ═
2025-07-22 02:44:55,689 INFO     ___FILE_ONLY___ ═
2025-07-22 02:44:55,689 INFO     ___FILE_ONLY___ ═
2025-07-22 02:44:55,689 INFO     ___FILE_ONLY___ ═
2025-07-22 02:44:55,690 INFO     ___FILE_ONLY___ ═
2025-07-22 02:44:55,690 INFO     ___FILE_ONLY___ ═
2025-07-22 02:44:55,690 INFO     ___FILE_ONLY___ ═
2025-07-22 02:44:55,690 INFO     ___FILE_ONLY___ ═
2025-07-22 02:44:55,690 INFO     ___FILE_ONLY___ ═
2025-07-22 02:44:55,690 INFO     ___FILE_ONLY___ ═
2025-07-22 02:44:55,691 INFO     ___FILE_ONLY___ ═
2025-07-22 02:44:55,691 INFO     ___FILE_ONLY___ ═
2025-07-22 02:44:55,691 INFO     ___FILE_ONLY___ ╝
2025-07-22 02:44:55,692 INFO     ___FILE_ONLY___ ╠════════════════════════════════════════════════════════════╣

2025-07-22 02:44:55,692 INFO     ___FILE_ONLY___ ╠═ Installing: Cloud Datastore Emulator                     ═╣

2025-07-22 02:44:55,692 INFO     ___FILE_ONLY___ ╚
2025-07-22 02:44:55,880 INFO     ___FILE_ONLY___ ═══════════════
2025-07-22 02:44:56,115 INFO     ___FILE_ONLY___ ═══════════════
2025-07-22 02:44:56,115 INFO     ___FILE_ONLY___ ═══════════════
2025-07-22 02:44:56,115 INFO     ___FILE_ONLY___ ═══════════════
2025-07-22 02:44:56,116 INFO     ___FILE_ONLY___ ╝
2025-07-22 02:44:56,128 INFO     ___FILE_ONLY___ ╠════════════════════════════════════════════════════════════╣

2025-07-22 02:44:56,128 INFO     ___FILE_ONLY___ ╠═ Installing: gcloud app Python Extensions                 ═╣

2025-07-22 02:44:56,128 INFO     ___FILE_ONLY___ ╚
2025-07-22 02:44:56,334 INFO     ___FILE_ONLY___ ═
2025-07-22 02:44:56,339 INFO     ___FILE_ONLY___ ═
2025-07-22 02:44:56,344 INFO     ___FILE_ONLY___ ═
2025-07-22 02:44:56,349 INFO     ___FILE_ONLY___ ═
2025-07-22 02:44:56,354 INFO     ___FILE_ONLY___ ═
2025-07-22 02:44:56,359 INFO     ___FILE_ONLY___ ═
2025-07-22 02:44:56,364 INFO     ___FILE_ONLY___ ═
2025-07-22 02:44:56,369 INFO     ___FILE_ONLY___ ═
2025-07-22 02:44:56,375 INFO     ___FILE_ONLY___ ═
2025-07-22 02:44:56,381 INFO     ___FILE_ONLY___ ═
2025-07-22 02:44:56,385 INFO     ___FILE_ONLY___ ═
2025-07-22 02:44:56,391 INFO     ___FILE_ONLY___ ═
2025-07-22 02:44:56,398 INFO     ___FILE_ONLY___ ═
2025-07-22 02:44:56,403 INFO     ___FILE_ONLY___ ═
2025-07-22 02:44:56,406 INFO     ___FILE_ONLY___ ═
2025-07-22 02:44:56,411 INFO     ___FILE_ONLY___ ═
2025-07-22 02:44:56,416 INFO     ___FILE_ONLY___ ═
2025-07-22 02:44:56,421 INFO     ___FILE_ONLY___ ═
2025-07-22 02:44:56,425 INFO     ___FILE_ONLY___ ═
2025-07-22 02:44:56,430 INFO     ___FILE_ONLY___ ═
2025-07-22 02:44:56,434 INFO     ___FILE_ONLY___ ═
2025-07-22 02:44:56,439 INFO     ___FILE_ONLY___ ═
2025-07-22 02:44:56,446 INFO     ___FILE_ONLY___ ═
2025-07-22 02:44:56,450 INFO     ___FILE_ONLY___ ═
2025-07-22 02:44:56,454 INFO     ___FILE_ONLY___ ═
2025-07-22 02:44:56,460 INFO     ___FILE_ONLY___ ═
2025-07-22 02:44:56,465 INFO     ___FILE_ONLY___ ═
2025-07-22 02:44:56,470 INFO     ___FILE_ONLY___ ═
2025-07-22 02:44:56,476 INFO     ___FILE_ONLY___ ═
2025-07-22 02:44:56,480 INFO     ___FILE_ONLY___ ═
2025-07-22 02:44:56,485 INFO     ___FILE_ONLY___ ═
2025-07-22 02:44:56,489 INFO     ___FILE_ONLY___ ═
2025-07-22 02:44:56,494 INFO     ___FILE_ONLY___ ═
2025-07-22 02:44:56,499 INFO     ___FILE_ONLY___ ═
2025-07-22 02:44:56,504 INFO     ___FILE_ONLY___ ═
2025-07-22 02:44:56,510 INFO     ___FILE_ONLY___ ═
2025-07-22 02:44:56,515 INFO     ___FILE_ONLY___ ═
2025-07-22 02:44:56,519 INFO     ___FILE_ONLY___ ═
2025-07-22 02:44:56,523 INFO     ___FILE_ONLY___ ═
2025-07-22 02:44:56,527 INFO     ___FILE_ONLY___ ═
2025-07-22 02:44:56,531 INFO     ___FILE_ONLY___ ═
2025-07-22 02:44:56,537 INFO     ___FILE_ONLY___ ═
2025-07-22 02:44:56,540 INFO     ___FILE_ONLY___ ═
2025-07-22 02:44:56,546 INFO     ___FILE_ONLY___ ═
2025-07-22 02:44:56,551 INFO     ___FILE_ONLY___ ═
2025-07-22 02:44:56,556 INFO     ___FILE_ONLY___ ═
2025-07-22 02:44:56,561 INFO     ___FILE_ONLY___ ═
2025-07-22 02:44:56,565 INFO     ___FILE_ONLY___ ═
2025-07-22 02:44:56,570 INFO     ___FILE_ONLY___ ═
2025-07-22 02:44:56,574 INFO     ___FILE_ONLY___ ═
2025-07-22 02:44:56,579 INFO     ___FILE_ONLY___ ═
2025-07-22 02:44:56,584 INFO     ___FILE_ONLY___ ═
2025-07-22 02:44:56,588 INFO     ___FILE_ONLY___ ═
2025-07-22 02:44:56,593 INFO     ___FILE_ONLY___ ═
2025-07-22 02:44:56,599 INFO     ___FILE_ONLY___ ═
2025-07-22 02:44:56,606 INFO     ___FILE_ONLY___ ═
2025-07-22 02:44:56,610 INFO     ___FILE_ONLY___ ═
2025-07-22 02:44:56,614 INFO     ___FILE_ONLY___ ═
2025-07-22 02:44:56,617 INFO     ___FILE_ONLY___ ═
2025-07-22 02:44:56,621 INFO     ___FILE_ONLY___ ═
2025-07-22 02:44:56,621 INFO     ___FILE_ONLY___ ╝

2025-07-22 02:44:56,648 DEBUG    root            Updating notification cache...
2025-07-22 02:44:56,649 INFO     ___FILE_ONLY___ 

2025-07-22 02:44:56,649 INFO     ___FILE_ONLY___ Performing post processing steps...
2025-07-22 02:44:56,650 DEBUG    root            Executing command: ['/data/data/com.termux/files/home/google-cloud-sdk/bin/gcloud', 'components', 'post-process']
2025-07-22 02:45:22,749 DEBUG    ___FILE_ONLY___ 
2025-07-22 02:45:22,749 DEBUG    ___FILE_ONLY___ 
2025-07-22 02:45:22,987 INFO     root            descriptor_list: [{'universeDomain': 'googleapis.com', 'universeShortName': '', 'authenticationDomain': 'auth.cloud.google.com', 'projectPrefix': '', 'cloudWebDomain': 'cloud.google.com', 'documentationDomain': 'cloud.google.com', 'version': '1.0.0', 'state': 'primary', 'artifactRegistryDomain': 'pkg.dev'}]
2025-07-22 02:45:22,989 INFO     ___FILE_ONLY___ 
Update done!


2025-07-22 02:45:23,006 DEBUG    root            Chosen display Format:none
2025-07-22 02:45:23,007 INFO     root            Display format: "none"
2025-07-22 02:45:23,015 DEBUG    root            Metrics reporting process started...
