0 verbose cli /apex/com.android.runtime/bin/linker64 /data/data/com.termux/files/usr/bin/npm
1 info using npm@11.4.2
2 info using node@v24.4.1
3 silly config load:file:/data/data/com.termux/files/usr/lib/node_modules/npm/npmrc
4 silly config load:file:/data/data/com.termux/files/home/.npmrc
5 silly config load:file:/data/data/com.termux/files/usr/etc/npmrc
6 verbose title npm install content-hash
7 verbose argv "install" "--global" "content-hash"
8 verbose logfile logs-max:10 dir:/data/data/com.termux/files/home/.npm/_logs/2025-07-23T13_02_59_122Z-
9 verbose logfile /data/data/com.termux/files/home/.npm/_logs/2025-07-23T13_02_59_122Z-debug-0.log
10 silly packumentCache heap:1174405120 maxSize:293601280 maxEntrySize:146800640
11 silly logfile start cleaning logs, removing 1 files
12 silly logfile done cleaning log files
13 silly idealTree buildDeps
14 silly fetch manifest content-hash@*
15 silly packumentCache full:https://registry.npmjs.org/content-hash cache-miss
16 http cache https://registry.npmjs.org/content-hash 31ms (cache hit)
17 silly packumentCache full:https://registry.npmjs.org/content-hash set size:73966 disposed:false
18 silly placeDep ROOT content-hash@2.5.2 OK for:  want: *
19 silly fetch manifest cids@^0.7.1
20 silly packumentCache full:https://registry.npmjs.org/cids cache-miss
21 silly fetch manifest multicodec@^0.5.5
22 silly packumentCache full:https://registry.npmjs.org/multicodec cache-miss
23 silly fetch manifest multihashes@^0.4.15
24 silly packumentCache full:https://registry.npmjs.org/multihashes cache-miss
25 http cache https://registry.npmjs.org/multicodec 16ms (cache hit)
26 silly packumentCache full:https://registry.npmjs.org/multicodec set size:164587 disposed:false
27 http cache https://registry.npmjs.org/cids 23ms (cache hit)
28 silly packumentCache full:https://registry.npmjs.org/cids set size:167339 disposed:false
29 http cache https://registry.npmjs.org/multihashes 27ms (cache hit)
30 silly packumentCache full:https://registry.npmjs.org/multihashes set size:201383 disposed:false
31 silly placeDep node_modules/content-hash cids@0.7.5 OK for: content-hash@2.5.2 want: ^0.7.1
32 silly placeDep node_modules/content-hash multicodec@0.5.7 OK for: content-hash@2.5.2 want: ^0.5.5
33 silly placeDep node_modules/content-hash multihashes@0.4.21 OK for: content-hash@2.5.2 want: ^0.4.15
34 silly fetch manifest buffer@^5.5.0
35 silly packumentCache full:https://registry.npmjs.org/buffer cache-miss
36 silly fetch manifest class-is@^1.1.0
37 silly packumentCache full:https://registry.npmjs.org/class-is cache-miss
38 silly fetch manifest multibase@~0.6.0
39 silly packumentCache full:https://registry.npmjs.org/multibase cache-miss
40 silly fetch manifest multicodec@^1.0.0
41 silly packumentCache full:https://registry.npmjs.org/multicodec cache-hit
42 silly fetch manifest multihashes@~0.4.15
43 silly packumentCache full:https://registry.npmjs.org/multihashes cache-hit
44 silly fetch manifest varint@^5.0.0
45 silly packumentCache full:https://registry.npmjs.org/varint cache-miss
46 silly fetch manifest buffer@^5.5.0
47 silly packumentCache full:https://registry.npmjs.org/buffer cache-miss
48 silly fetch manifest multibase@^0.7.0
49 silly packumentCache full:https://registry.npmjs.org/multibase cache-miss
50 silly fetch manifest varint@^5.0.0
51 silly packumentCache full:https://registry.npmjs.org/varint cache-miss
52 http cache https://registry.npmjs.org/buffer 26ms (cache hit)
53 silly packumentCache full:https://registry.npmjs.org/buffer set size:280480 disposed:false
54 http cache https://registry.npmjs.org/multibase 31ms (cache hit)
55 silly packumentCache full:https://registry.npmjs.org/multibase set size:100573 disposed:false
56 http cache https://registry.npmjs.org/class-is 44ms (cache hit)
57 silly packumentCache full:https://registry.npmjs.org/class-is set size:34250 disposed:false
58 http cache https://registry.npmjs.org/varint 43ms (cache hit)
59 silly packumentCache full:https://registry.npmjs.org/varint set size:25127 disposed:false
60 http cache https://registry.npmjs.org/varint 41ms (cache hit)
61 silly packumentCache full:https://registry.npmjs.org/varint set size:25127 disposed:false
62 silly packumentCache full:https://registry.npmjs.org/varint dispose
63 http cache https://registry.npmjs.org/multibase 43ms (cache hit)
64 silly packumentCache full:https://registry.npmjs.org/multibase set size:100573 disposed:false
65 silly packumentCache full:https://registry.npmjs.org/multibase dispose
66 http cache https://registry.npmjs.org/buffer 52ms (cache hit)
67 silly packumentCache full:https://registry.npmjs.org/buffer set size:280480 disposed:false
68 silly packumentCache full:https://registry.npmjs.org/buffer dispose
69 silly placeDep node_modules/content-hash buffer@5.7.1 OK for: cids@0.7.5 want: ^5.5.0
70 silly placeDep node_modules/content-hash class-is@1.1.0 OK for: cids@0.7.5 want: ^1.1.0
71 silly placeDep node_modules/content-hash multibase@0.6.1 OK for: cids@0.7.5 want: ~0.6.0
72 silly placeDep node_modules/content-hash/node_modules/cids multicodec@1.0.4 OK for: cids@0.7.5 want: ^1.0.0
73 silly fetch manifest base64-js@^1.3.1
74 silly packumentCache full:https://registry.npmjs.org/base64-js cache-miss
75 silly fetch manifest ieee754@^1.1.13
76 silly packumentCache full:https://registry.npmjs.org/ieee754 cache-miss
77 silly fetch manifest base-x@^3.0.8
78 silly packumentCache full:https://registry.npmjs.org/base-x cache-miss
79 http cache https://registry.npmjs.org/base-x 13ms (cache hit)
80 silly packumentCache full:https://registry.npmjs.org/base-x set size:59894 disposed:false
81 http cache https://registry.npmjs.org/ieee754 16ms (cache hit)
82 silly packumentCache full:https://registry.npmjs.org/ieee754 set size:34910 disposed:false
83 http cache https://registry.npmjs.org/base64-js 18ms (cache hit)
84 silly packumentCache full:https://registry.npmjs.org/base64-js set size:41270 disposed:false
85 silly placeDep node_modules/content-hash base64-js@1.5.1 OK for: buffer@5.7.1 want: ^1.3.1
86 silly placeDep node_modules/content-hash ieee754@1.2.1 OK for: buffer@5.7.1 want: ^1.1.13
87 silly placeDep node_modules/content-hash base-x@3.0.11 OK for: multibase@0.6.1 want: ^3.0.8
88 silly fetch manifest safe-buffer@^5.0.1
89 silly packumentCache full:https://registry.npmjs.org/safe-buffer cache-miss
90 http cache https://registry.npmjs.org/safe-buffer 4ms (cache hit)
91 silly packumentCache full:https://registry.npmjs.org/safe-buffer set size:41183 disposed:false
92 silly placeDep node_modules/content-hash safe-buffer@5.2.1 OK for: base-x@3.0.11 want: ^5.0.1
93 silly placeDep node_modules/content-hash varint@5.0.2 OK for: multicodec@0.5.7 want: ^5.0.0
94 silly placeDep node_modules/content-hash/node_modules/multihashes multibase@0.7.0 OK for: multihashes@0.4.21 want: ^0.7.0
95 silly reify mark retired [ '/data/data/com.termux/files/usr/lib/node_modules/content-hash' ]
96 silly reify moves {
96 silly reify   '/data/data/com.termux/files/usr/lib/node_modules/content-hash': '/data/data/com.termux/files/usr/lib/node_modules/.content-hash-LzqEDmku'
96 silly reify }
97 http cache content-hash@https://registry.npmjs.org/content-hash/-/content-hash-2.5.2.tgz 0ms (cache hit)
98 http cache varint@https://registry.npmjs.org/varint/-/varint-5.0.2.tgz 0ms (cache hit)
99 http cache safe-buffer@https://registry.npmjs.org/safe-buffer/-/safe-buffer-5.2.1.tgz 0ms (cache hit)
100 http cache multihashes@https://registry.npmjs.org/multihashes/-/multihashes-0.4.21.tgz 0ms (cache hit)
101 http cache multicodec@https://registry.npmjs.org/multicodec/-/multicodec-0.5.7.tgz 0ms (cache hit)
102 http cache cids@https://registry.npmjs.org/cids/-/cids-0.7.5.tgz 0ms (cache hit)
103 http cache multibase@https://registry.npmjs.org/multibase/-/multibase-0.7.0.tgz 0ms (cache hit)
104 http cache multicodec@https://registry.npmjs.org/multicodec/-/multicodec-1.0.4.tgz 0ms (cache hit)
105 http cache multibase@https://registry.npmjs.org/multibase/-/multibase-0.6.1.tgz 0ms (cache hit)
106 http cache class-is@https://registry.npmjs.org/class-is/-/class-is-1.1.0.tgz 0ms (cache hit)
107 http cache ieee754@https://registry.npmjs.org/ieee754/-/ieee754-1.2.1.tgz 0ms (cache hit)
108 http cache buffer@https://registry.npmjs.org/buffer/-/buffer-5.7.1.tgz 0ms (cache hit)
109 http cache base-x@https://registry.npmjs.org/base-x/-/base-x-3.0.11.tgz 0ms (cache hit)
110 http cache base64-js@https://registry.npmjs.org/base64-js/-/base64-js-1.5.1.tgz 0ms (cache hit)
111 warn deprecated multicodec@1.0.4: This module has been superseded by the multiformats module
112 warn deprecated multibase@0.7.0: This module has been superseded by the multiformats module
113 warn deprecated multibase@0.6.1: This module has been superseded by the multiformats module
114 warn deprecated multicodec@0.5.7: This module has been superseded by the multiformats module
115 warn deprecated cids@0.7.5: This module has been superseded by the multiformats module
116 silly CHANGE node_modules/content-hash
117 silly CHANGE node_modules/content-hash/node_modules/varint
118 silly CHANGE node_modules/content-hash/node_modules/safe-buffer
119 silly CHANGE node_modules/content-hash/node_modules/multihashes
120 silly CHANGE node_modules/content-hash/node_modules/multihashes/node_modules/multibase
121 silly CHANGE node_modules/content-hash/node_modules/multicodec
122 silly CHANGE node_modules/content-hash/node_modules/cids
123 silly CHANGE node_modules/content-hash/node_modules/cids/node_modules/multicodec
124 silly CHANGE node_modules/content-hash/node_modules/multibase
125 silly CHANGE node_modules/content-hash/node_modules/ieee754
126 silly CHANGE node_modules/content-hash/node_modules/class-is
127 silly CHANGE node_modules/content-hash/node_modules/buffer
128 silly CHANGE node_modules/content-hash/node_modules/base64-js
129 silly CHANGE node_modules/content-hash/node_modules/base-x
130 verbose cwd /data/data/com.termux/files/home
131 verbose os Linux 5.10.226-android12-9-00047-g4968e29b7f92-ab12786767
132 verbose node v24.4.1
133 verbose npm  v11.4.2
134 verbose exit 0
135 info ok
