0 verbose cli /apex/com.android.runtime/bin/linker64 /data/data/com.termux/files/usr/bin/npm
1 info using npm@10.9.2
2 info using node@v22.17.1
3 silly config load:file:/data/data/com.termux/files/usr/lib/node_modules/npm/npmrc
4 silly config load:file:/.npmrc
5 silly config load:file:/data/data/com.termux/files/home/.npmrc
6 silly config load:file:/data/data/com.termux/files/usr/etc/npmrc
7 verbose title npm config set foreground-scripts true
8 verbose argv "config" "set" "foreground-scripts" "true"
9 verbose logfile logs-max:10 dir:/data/data/com.termux/files/home/.npm/_logs/2025-07-23T22_57_08_374Z-
10 verbose logfile /data/data/com.termux/files/home/.npm/_logs/2025-07-23T22_57_08_374Z-debug-0.log
11 silly logfile start cleaning logs, removing 1 files
12 info config set "foreground-scripts" "true"
13 silly logfile done cleaning log files
14 verbose cwd /
15 verbose os Linux 5.10.226-android12-9-00047-g4968e29b7f92-ab12786767
16 verbose node v22.17.1
17 verbose npm  v10.9.2
18 verbose exit 0
19 info ok
