0 verbose cli /apex/com.android.runtime/bin/linker64 /data/data/com.termux/files/usr/bin/npm
1 info using npm@11.4.2
2 info using node@v24.4.1
3 silly config load:file:/data/data/com.termux/files/usr/lib/node_modules/npm/npmrc
4 silly config load:file:/data/data/com.termux/files/home/.npmrc
5 silly config load:file:/data/data/com.termux/files/usr/etc/npmrc
6 verbose title npm install content-hash
7 verbose argv "install" "content-hash"
8 verbose logfile logs-max:10 dir:/data/data/com.termux/files/home/.npm/_logs/2025-07-23T13_03_45_186Z-
9 verbose logfile /data/data/com.termux/files/home/.npm/_logs/2025-07-23T13_03_45_186Z-debug-0.log
10 silly logfile start cleaning logs, removing 1 files
11 silly packumentCache heap:1174405120 maxSize:293601280 maxEntrySize:146800640
12 silly logfile done cleaning log files
13 silly idealTree buildDeps
14 silly fetch manifest content-hash@*
15 silly packumentCache full:https://registry.npmjs.org/content-hash cache-miss
16 http cache https://registry.npmjs.org/content-hash 437ms (cache hit)
17 silly packumentCache full:https://registry.npmjs.org/content-hash set size:73966 disposed:false
18 silly placeDep ROOT content-hash@2.5.2 OK for: elparadisogonzalo-monorepo@1.0.0 want: *
19 silly fetch manifest cids@^0.7.1
20 silly packumentCache full:https://registry.npmjs.org/cids cache-miss
21 silly fetch manifest multicodec@^0.5.5
22 silly packumentCache full:https://registry.npmjs.org/multicodec cache-miss
23 silly fetch manifest multihashes@^0.4.15
24 silly packumentCache full:https://registry.npmjs.org/multihashes cache-miss
25 http cache https://registry.npmjs.org/multicodec 524ms (cache hit)
26 silly packumentCache full:https://registry.npmjs.org/multicodec set size:164587 disposed:false
27 http cache https://registry.npmjs.org/cids 532ms (cache hit)
28 silly packumentCache full:https://registry.npmjs.org/cids set size:167339 disposed:false
29 http cache https://registry.npmjs.org/multihashes 545ms (cache hit)
30 silly packumentCache full:https://registry.npmjs.org/multihashes set size:201383 disposed:false
31 silly placeDep ROOT cids@0.7.5 OK for: content-hash@2.5.2 want: ^0.7.1
32 silly placeDep ROOT multicodec@0.5.7 OK for: content-hash@2.5.2 want: ^0.5.5
33 silly placeDep ROOT multihashes@0.4.21 OK for: content-hash@2.5.2 want: ^0.4.15
34 silly fetch manifest buffer@^5.5.0
35 silly packumentCache full:https://registry.npmjs.org/buffer cache-miss
36 silly fetch manifest class-is@^1.1.0
37 silly packumentCache full:https://registry.npmjs.org/class-is cache-miss
38 silly fetch manifest multibase@~0.6.0
39 silly packumentCache full:https://registry.npmjs.org/multibase cache-miss
40 silly fetch manifest multicodec@^1.0.0
41 silly packumentCache full:https://registry.npmjs.org/multicodec cache-hit
42 silly fetch manifest multihashes@~0.4.15
43 silly packumentCache full:https://registry.npmjs.org/multihashes cache-hit
44 silly fetch manifest varint@^5.0.0
45 silly packumentCache full:https://registry.npmjs.org/varint cache-miss
46 silly fetch manifest buffer@^5.5.0
47 silly packumentCache full:https://registry.npmjs.org/buffer cache-miss
48 silly fetch manifest multibase@^0.7.0
49 silly packumentCache full:https://registry.npmjs.org/multibase cache-miss
50 silly fetch manifest varint@^5.0.0
51 silly packumentCache full:https://registry.npmjs.org/varint cache-miss
52 http cache https://registry.npmjs.org/buffer 69ms (cache hit)
53 silly packumentCache full:https://registry.npmjs.org/buffer set size:280480 disposed:false
54 http cache https://registry.npmjs.org/multibase 75ms (cache hit)
55 silly packumentCache full:https://registry.npmjs.org/multibase set size:100573 disposed:false
56 http cache https://registry.npmjs.org/buffer 75ms (cache hit)
57 silly packumentCache full:https://registry.npmjs.org/buffer set size:280480 disposed:false
58 silly packumentCache full:https://registry.npmjs.org/buffer dispose
59 http cache https://registry.npmjs.org/varint 76ms (cache hit)
60 silly packumentCache full:https://registry.npmjs.org/varint set size:25127 disposed:false
61 http cache https://registry.npmjs.org/multibase 79ms (cache hit)
62 silly packumentCache full:https://registry.npmjs.org/multibase set size:100573 disposed:false
63 silly packumentCache full:https://registry.npmjs.org/multibase dispose
64 http cache https://registry.npmjs.org/class-is 94ms (cache hit)
65 silly packumentCache full:https://registry.npmjs.org/class-is set size:34250 disposed:false
66 http cache https://registry.npmjs.org/varint 92ms (cache hit)
67 silly packumentCache full:https://registry.npmjs.org/varint set size:25127 disposed:false
68 silly packumentCache full:https://registry.npmjs.org/varint dispose
69 silly placeDep ROOT buffer@5.7.1 OK for: cids@0.7.5 want: ^5.5.0
70 silly placeDep ROOT class-is@1.1.0 OK for: cids@0.7.5 want: ^1.1.0
71 silly placeDep ROOT multibase@0.6.1 OK for: cids@0.7.5 want: ~0.6.0
72 silly placeDep node_modules/cids multicodec@1.0.4 OK for: cids@0.7.5 want: ^1.0.0
73 silly fetch manifest ieee754@^1.1.13
74 silly packumentCache full:https://registry.npmjs.org/ieee754 cache-miss
75 http cache https://registry.npmjs.org/ieee754 87ms (cache hit)
76 silly packumentCache full:https://registry.npmjs.org/ieee754 set size:34910 disposed:false
77 silly placeDep ROOT ieee754@1.2.1 OK for: buffer@5.7.1 want: ^1.1.13
78 silly placeDep ROOT varint@5.0.2 OK for: multicodec@0.5.7 want: ^5.0.0
79 silly placeDep node_modules/multihashes multibase@0.7.0 OK for: multihashes@0.4.21 want: ^0.7.0
80 silly fetch manifest dotenv@^17.2.0
81 silly packumentCache full:https://registry.npmjs.org/dotenv cache-miss
82 http fetch GET 200 https://registry.npmjs.org/dotenv 850ms (cache revalidated)
83 silly packumentCache full:https://registry.npmjs.org/dotenv set size:253259 disposed:false
84 silly placeDep packages/contracts dotenv@17.2.0 OK for: contracts@1.0.0 want: ^17.2.0
85 silly reify mark retired [ '/data/data/com.termux/files/home/node_modules/agent-base' ]
86 silly reify mark retired [ '/data/data/com.termux/files/home/node_modules/aes-js' ]
87 silly reify mark retired [ '/data/data/com.termux/files/home/node_modules/cliui' ]
88 silly reify mark retired [
88 silly reify   '/data/data/com.termux/files/home/node_modules/electron-to-chromium'
88 silly reify ]
89 silly reify mark retired [
89 silly reify   '/data/data/com.termux/files/home/node_modules/esbuild',
89 silly reify   '/data/data/com.termux/files/home/node_modules/.bin/esbuild'
89 silly reify ]
90 silly reify mark retired [ '/data/data/com.termux/files/home/node_modules/ethers' ]
91 silly reify mark retired [
91 silly reify   '/data/data/com.termux/files/home/node_modules/firebase-admin/node_modules/uuid',
91 silly reify   '/data/data/com.termux/files/home/node_modules/firebase-admin/node_modules/.bin/uuid'
91 silly reify ]
92 silly reify mark retired [
92 silly reify   '/data/data/com.termux/files/home/node_modules/firebase-admin/node_modules/@types/node'
92 silly reify ]
93 silly reify mark retired [ '/data/data/com.termux/files/home/node_modules/form-data' ]
94 silly reify mark retired [
94 silly reify   '/data/data/com.termux/files/home/node_modules/gaxios/node_modules/https-proxy-agent'
94 silly reify ]
95 silly reify mark retired [
95 silly reify   '/data/data/com.termux/files/home/node_modules/gaxios/node_modules/agent-base'
95 silly reify ]
96 silly reify mark retired [
96 silly reify   '/data/data/com.termux/files/home/node_modules/google-gax/node_modules/@grpc/grpc-js'
96 silly reify ]
97 silly reify mark retired [ '/data/data/com.termux/files/home/node_modules/https-proxy-agent' ]
98 silly reify mark retired [
98 silly reify   '/data/data/com.termux/files/home/node_modules/lmdb',
98 silly reify   '/data/data/com.termux/files/home/node_modules/.bin/download-lmdb-prebuilds'
98 silly reify ]
99 silly reify mark retired [ '/data/data/com.termux/files/home/node_modules/msgpackr' ]
100 silly reify mark retired [
100 silly reify   '/data/data/com.termux/files/home/node_modules/node-gyp-build-optional-packages',
100 silly reify   '/data/data/com.termux/files/home/node_modules/.bin/node-gyp-build-optional-packages',
100 silly reify   '/data/data/com.termux/files/home/node_modules/.bin/node-gyp-build-optional-packages-optional',
100 silly reify   '/data/data/com.termux/files/home/node_modules/.bin/node-gyp-build-optional-packages-test'
100 silly reify ]
101 silly reify mark retired [ '/data/data/com.termux/files/home/node_modules/picomatch' ]
102 silly reify mark retired [
102 silly reify   '/data/data/com.termux/files/home/node_modules/protobufjs/node_modules/undici-types'
102 silly reify ]
103 silly reify mark retired [
103 silly reify   '/data/data/com.termux/files/home/node_modules/protobufjs/node_modules/@types/node'
103 silly reify ]
104 silly reify mark retired [
104 silly reify   '/data/data/com.termux/files/home/node_modules/rollup',
104 silly reify   '/data/data/com.termux/files/home/node_modules/.bin/rollup'
104 silly reify ]
105 silly reify mark retired [
105 silly reify   '/data/data/com.termux/files/home/node_modules/uuid',
105 silly reify   '/data/data/com.termux/files/home/node_modules/.bin/uuid'
105 silly reify ]
106 silly reify mark retired [
106 silly reify   '/data/data/com.termux/files/home/node_modules/vite',
106 silly reify   '/data/data/com.termux/files/home/node_modules/.bin/vite'
106 silly reify ]
107 silly reify mark retired [ '/data/data/com.termux/files/home/node_modules/ws' ]
108 silly reify mark retired [ '/data/data/com.termux/files/home/node_modules/yargs' ]
109 silly reify mark retired [ '/data/data/com.termux/files/home/node_modules/yargs-parser' ]
110 silly reify mark retired [
110 silly reify   '/data/data/com.termux/files/home/node_modules/@esbuild/android-arm64'
110 silly reify ]
111 silly reify mark retired [ '/data/data/com.termux/files/home/node_modules/@eslint/plugin-kit' ]
112 silly reify mark retired [ '/data/data/com.termux/files/home/node_modules/@grpc/grpc-js' ]
113 silly reify mark retired [
113 silly reify   '/data/data/com.termux/files/home/node_modules/@grpc/proto-loader/node_modules/yargs'
113 silly reify ]
114 silly reify mark retired [
114 silly reify   '/data/data/com.termux/files/home/node_modules/@grpc/proto-loader/node_modules/cliui'
114 silly reify ]
115 silly reify mark retired [
115 silly reify   '/data/data/com.termux/files/home/node_modules/@grpc/proto-loader/node_modules/yargs-parser'
115 silly reify ]
116 silly reify mark retired [ '/data/data/com.termux/files/home/node_modules/@noble/curves' ]
117 silly reify mark retired [ '/data/data/com.termux/files/home/node_modules/@noble/hashes' ]
118 silly reify mark retired [
118 silly reify   '/data/data/com.termux/files/home/node_modules/@parcel/cache/node_modules/lmdb',
118 silly reify   '/data/data/com.termux/files/home/node_modules/@parcel/cache/node_modules/.bin/download-lmdb-prebuilds'
118 silly reify ]
119 silly reify mark retired [
119 silly reify   '/data/data/com.termux/files/home/node_modules/@parcel/cache/node_modules/node-addon-api'
119 silly reify ]
120 silly reify mark retired [
120 silly reify   '/data/data/com.termux/files/home/node_modules/@parcel/cache/node_modules/node-gyp-build-optional-packages',
120 silly reify   '/data/data/com.termux/files/home/node_modules/@parcel/cache/node_modules/.bin/node-gyp-build-optional-packages',
120 silly reify   '/data/data/com.termux/files/home/node_modules/@parcel/cache/node_modules/.bin/node-gyp-build-optional-packages-optional',
120 silly reify   '/data/data/com.termux/files/home/node_modules/@parcel/cache/node_modules/.bin/node-gyp-build-optional-packages-test'
120 silly reify ]
121 silly reify mark retired [
121 silly reify   '/data/data/com.termux/files/home/node_modules/@rolldown/pluginutils'
121 silly reify ]
122 silly reify mark retired [
122 silly reify   '/data/data/com.termux/files/home/node_modules/@rollup/rollup-android-arm64'
122 silly reify ]
123 silly reify mark retired [ '/data/data/com.termux/files/home/node_modules/@swc/core' ]
124 silly reify mark retired [
124 silly reify   '/data/data/com.termux/files/home/node_modules/@vitejs/plugin-react'
124 silly reify ]
125 silly reify mark retired [
125 silly reify   '/data/data/com.termux/files/home/packages/contracts/node_modules/dotenv'
125 silly reify ]
126 silly reify moves {
126 silly reify   '/data/data/com.termux/files/home/node_modules/agent-base': '/data/data/com.termux/files/home/node_modules/.agent-base-GPa1owoj',
126 silly reify   '/data/data/com.termux/files/home/node_modules/aes-js': '/data/data/com.termux/files/home/node_modules/.aes-js-9Zgr9lYP',
126 silly reify   '/data/data/com.termux/files/home/node_modules/cliui': '/data/data/com.termux/files/home/node_modules/.cliui-os1roM22',
126 silly reify   '/data/data/com.termux/files/home/node_modules/electron-to-chromium': '/data/data/com.termux/files/home/node_modules/.electron-to-chromium-CX3Yg0AC',
126 silly reify   '/data/data/com.termux/files/home/node_modules/esbuild': '/data/data/com.termux/files/home/node_modules/.esbuild-n0r1CLut',
126 silly reify   '/data/data/com.termux/files/home/node_modules/.bin/esbuild': '/data/data/com.termux/files/home/node_modules/.bin/.esbuild-jSw44WAr',
126 silly reify   '/data/data/com.termux/files/home/node_modules/ethers': '/data/data/com.termux/files/home/node_modules/.ethers-bbeu9cLl',
126 silly reify   '/data/data/com.termux/files/home/node_modules/firebase-admin/node_modules/uuid': '/data/data/com.termux/files/home/node_modules/firebase-admin/node_modules/.uuid-RQyGKAxj',
126 silly reify   '/data/data/com.termux/files/home/node_modules/firebase-admin/node_modules/.bin/uuid': '/data/data/com.termux/files/home/node_modules/firebase-admin/node_modules/.bin/.uuid-iZCS1LhO',
126 silly reify   '/data/data/com.termux/files/home/node_modules/firebase-admin/node_modules/@types/node': '/data/data/com.termux/files/home/node_modules/firebase-admin/node_modules/@types/.node-hpIEaZJ0',
126 silly reify   '/data/data/com.termux/files/home/node_modules/form-data': '/data/data/com.termux/files/home/node_modules/.form-data-C8BxHCcz',
126 silly reify   '/data/data/com.termux/files/home/node_modules/gaxios/node_modules/https-proxy-agent': '/data/data/com.termux/files/home/node_modules/gaxios/node_modules/.https-proxy-agent-9zmAuidA',
126 silly reify   '/data/data/com.termux/files/home/node_modules/gaxios/node_modules/agent-base': '/data/data/com.termux/files/home/node_modules/gaxios/node_modules/.agent-base-AGFvsSli',
126 silly reify   '/data/data/com.termux/files/home/node_modules/google-gax/node_modules/@grpc/grpc-js': '/data/data/com.termux/files/home/node_modules/google-gax/node_modules/@grpc/.grpc-js-CKqOZYSf',
126 silly reify   '/data/data/com.termux/files/home/node_modules/https-proxy-agent': '/data/data/com.termux/files/home/node_modules/.https-proxy-agent-JUJEINxo',
126 silly reify   '/data/data/com.termux/files/home/node_modules/lmdb': '/data/data/com.termux/files/home/node_modules/.lmdb-9bFv5993',
126 silly reify   '/data/data/com.termux/files/home/node_modules/.bin/download-lmdb-prebuilds': '/data/data/com.termux/files/home/node_modules/.bin/.download-lmdb-prebuilds-RL4B7LJn',
126 silly reify   '/data/data/com.termux/files/home/node_modules/msgpackr': '/data/data/com.termux/files/home/node_modules/.msgpackr-ofa7T0Gr',
126 silly reify   '/data/data/com.termux/files/home/node_modules/node-gyp-build-optional-packages': '/data/data/com.termux/files/home/node_modules/.node-gyp-build-optional-packages-YA3MfwSG',
126 silly reify   '/data/data/com.termux/files/home/node_modules/.bin/node-gyp-build-optional-packages': '/data/data/com.termux/files/home/node_modules/.bin/.node-gyp-build-optional-packages-IzZGNGtY',
126 silly reify   '/data/data/com.termux/files/home/node_modules/.bin/node-gyp-build-optional-packages-optional': '/data/data/com.termux/files/home/node_modules/.bin/.node-gyp-build-optional-packages-optional-gkaZPJqZ',
126 silly reify   '/data/data/com.termux/files/home/node_modules/.bin/node-gyp-build-optional-packages-test': '/data/data/com.termux/files/home/node_modules/.bin/.node-gyp-build-optional-packages-test-UONoAo3h',
126 silly reify   '/data/data/com.termux/files/home/node_modules/picomatch': '/data/data/com.termux/files/home/node_modules/.picomatch-2yvLP97p',
126 silly reify   '/data/data/com.termux/files/home/node_modules/protobufjs/node_modules/undici-types': '/data/data/com.termux/files/home/node_modules/protobufjs/node_modules/.undici-types-nHPcyRfW',
126 silly reify   '/data/data/com.termux/files/home/node_modules/protobufjs/node_modules/@types/node': '/data/data/com.termux/files/home/node_modules/protobufjs/node_modules/@types/.node-YW9pP65d',
126 silly reify   '/data/data/com.termux/files/home/node_modules/rollup': '/data/data/com.termux/files/home/node_modules/.rollup-aSUy9Cny',
126 silly reify   '/data/data/com.termux/files/home/node_modules/.bin/rollup': '/data/data/com.termux/files/home/node_modules/.bin/.rollup-QqV2SXkJ',
126 silly reify   '/data/data/com.termux/files/home/node_modules/uuid': '/data/data/com.termux/files/home/node_modules/.uuid-sjrjK6i5',
126 silly reify   '/data/data/com.termux/files/home/node_modules/.bin/uuid': '/data/data/com.termux/files/home/node_modules/.bin/.uuid-THLr3ChO',
126 silly reify   '/data/data/com.termux/files/home/node_modules/vite': '/data/data/com.termux/files/home/node_modules/.vite-CZWd7SOV',
126 silly reify   '/data/data/com.termux/files/home/node_modules/.bin/vite': '/data/data/com.termux/files/home/node_modules/.bin/.vite-AJ64JnFI',
126 silly reify   '/data/data/com.termux/files/home/node_modules/ws': '/data/data/com.termux/files/home/node_modules/.ws-VQnzr2DR',
126 silly reify   '/data/data/com.termux/files/home/node_modules/yargs': '/data/data/com.termux/files/home/node_modules/.yargs-Yqwf57m6',
126 silly reify   '/data/data/com.termux/files/home/node_modules/yargs-parser': '/data/data/com.termux/files/home/node_modules/.yargs-parser-DIkpohOm',
126 silly reify   '/data/data/com.termux/files/home/node_modules/@esbuild/android-arm64': '/data/data/com.termux/files/home/node_modules/@esbuild/.android-arm64-FuYjMuM0',
126 silly reify   '/data/data/com.termux/files/home/node_modules/@eslint/plugin-kit': '/data/data/com.termux/files/home/node_modules/@eslint/.plugin-kit-LVYHV0i1',
126 silly reify   '/data/data/com.termux/files/home/node_modules/@grpc/grpc-js': '/data/data/com.termux/files/home/node_modules/@grpc/.grpc-js-nByczVj9',
126 silly reify   '/data/data/com.termux/files/home/node_modules/@grpc/proto-loader/node_modules/yargs': '/data/data/com.termux/files/home/node_modules/@grpc/proto-loader/node_modules/.yargs-SAOvseXq',
126 silly reify   '/data/data/com.termux/files/home/node_modules/@grpc/proto-loader/node_modules/cliui': '/data/data/com.termux/files/home/node_modules/@grpc/proto-loader/node_modules/.cliui-4kMdHV5m',
126 silly reify   '/data/data/com.termux/files/home/node_modules/@grpc/proto-loader/node_modules/yargs-parser': '/data/data/com.termux/files/home/node_modules/@grpc/proto-loader/node_modules/.yargs-parser-RyB0OmA9',
126 silly reify   '/data/data/com.termux/files/home/node_modules/@noble/curves': '/data/data/com.termux/files/home/node_modules/@noble/.curves-dD6J29sc',
126 silly reify   '/data/data/com.termux/files/home/node_modules/@noble/hashes': '/data/data/com.termux/files/home/node_modules/@noble/.hashes-XOLyYvjt',
126 silly reify   '/data/data/com.termux/files/home/node_modules/@parcel/cache/node_modules/lmdb': '/data/data/com.termux/files/home/node_modules/@parcel/cache/node_modules/.lmdb-cZl719Mr',
126 silly reify   '/data/data/com.termux/files/home/node_modules/@parcel/cache/node_modules/.bin/download-lmdb-prebuilds': '/data/data/com.termux/files/home/node_modules/@parcel/cache/node_modules/.bin/.download-lmdb-prebuilds-9uysyPtJ',
126 silly reify   '/data/data/com.termux/files/home/node_modules/@parcel/cache/node_modules/node-addon-api': '/data/data/com.termux/files/home/node_modules/@parcel/cache/node_modules/.node-addon-api-fv5MlxCZ',
126 silly reify   '/data/data/com.termux/files/home/node_modules/@parcel/cache/node_modules/node-gyp-build-optional-packages': '/data/data/com.termux/files/home/node_modules/@parcel/cache/node_modules/.node-gyp-build-optional-packages-12b0Yfp0',
126 silly reify   '/data/data/com.termux/files/home/node_modules/@parcel/cache/node_modules/.bin/node-gyp-build-optional-packages': '/data/data/com.termux/files/home/node_modules/@parcel/cache/node_modules/.bin/.node-gyp-build-optional-packages-hngV8HLK',
126 silly reify   '/data/data/com.termux/files/home/node_modules/@parcel/cache/node_modules/.bin/node-gyp-build-optional-packages-optional': '/data/data/com.termux/files/home/node_modules/@parcel/cache/node_modules/.bin/.node-gyp-build-optional-packages-optional-Ck5S9LWq',
126 silly reify   '/data/data/com.termux/files/home/node_modules/@parcel/cache/node_modules/.bin/node-gyp-build-optional-packages-test': '/data/data/com.termux/files/home/node_modules/@parcel/cache/node_modules/.bin/.node-gyp-build-optional-packages-test-x4odkHAS',
126 silly reify   '/data/data/com.termux/files/home/node_modules/@rolldown/pluginutils': '/data/data/com.termux/files/home/node_modules/@rolldown/.pluginutils-8NYSFiSe',
126 silly reify   '/data/data/com.termux/files/home/node_modules/@rollup/rollup-android-arm64': '/data/data/com.termux/files/home/node_modules/@rollup/.rollup-android-arm64-9LAriGx4',
126 silly reify   '/data/data/com.termux/files/home/node_modules/@swc/core': '/data/data/com.termux/files/home/node_modules/@swc/.core-QxOLcaQm',
126 silly reify   '/data/data/com.termux/files/home/node_modules/@vitejs/plugin-react': '/data/data/com.termux/files/home/node_modules/@vitejs/.plugin-react-LRcymcNr',
126 silly reify   '/data/data/com.termux/files/home/packages/contracts/node_modules/dotenv': '/data/data/com.termux/files/home/packages/contracts/node_modules/.dotenv-6UY1mPbq'
126 silly reify }
127 silly audit bulk request {
127 silly audit   '@adraffy/ens-normalize': [ '1.10.1' ],
127 silly audit   '@ampproject/remapping': [ '2.3.0' ],
127 silly audit   '@babel/code-frame': [ '7.27.1' ],
127 silly audit   '@babel/compat-data': [ '7.28.0' ],
127 silly audit   '@babel/core': [ '7.28.0' ],
127 silly audit   semver: [ '6.3.1', '7.7.2', '5.7.2' ],
127 silly audit   '@babel/generator': [ '7.28.0' ],
127 silly audit   '@babel/helper-compilation-targets': [ '7.27.2' ],
127 silly audit   '@babel/helper-globals': [ '7.28.0' ],
127 silly audit   '@babel/helper-module-imports': [ '7.27.1' ],
127 silly audit   '@babel/helper-module-transforms': [ '7.27.3' ],
127 silly audit   '@babel/helper-plugin-utils': [ '7.27.1' ],
127 silly audit   '@babel/helper-string-parser': [ '7.27.1' ],
127 silly audit   '@babel/helper-validator-identifier': [ '7.27.1' ],
127 silly audit   '@babel/helper-validator-option': [ '7.27.1' ],
127 silly audit   '@babel/helpers': [ '7.27.6' ],
127 silly audit   '@babel/parser': [ '7.28.0' ],
127 silly audit   '@babel/plugin-transform-react-jsx-self': [ '7.27.1' ],
127 silly audit   '@babel/plugin-transform-react-jsx-source': [ '7.27.1' ],
127 silly audit   '@babel/template': [ '7.27.2' ],
127 silly audit   '@babel/traverse': [ '7.28.0' ],
127 silly audit   '@babel/types': [ '7.28.1' ],
127 silly audit   '@cspotcode/source-map-support': [ '0.8.1' ],
127 silly audit   '@jridgewell/trace-mapping': [ '0.3.9', '0.3.29' ],
127 silly audit   '@esbuild/android-arm64': [ '0.25.6' ],
127 silly audit   '@eslint-community/eslint-utils': [ '4.7.0' ],
127 silly audit   'eslint-visitor-keys': [ '3.4.3', '4.2.1' ],
127 silly audit   '@eslint-community/regexpp': [ '4.12.1' ],
127 silly audit   '@eslint/config-array': [ '0.21.0' ],
127 silly audit   '@eslint/config-helpers': [ '0.3.0' ],
127 silly audit   '@eslint/core': [ '0.15.1' ],
127 silly audit   '@eslint/eslintrc': [ '3.3.1' ],
127 silly audit   globals: [ '14.0.0', '13.24.0', '16.3.0' ],
127 silly audit   '@eslint/js': [ '9.31.0' ],
127 silly audit   '@eslint/object-schema': [ '2.1.6' ],
127 silly audit   '@eslint/plugin-kit': [ '0.3.3' ],
127 silly audit   '@ethereumjs/rlp': [ '5.0.2' ],
127 silly audit   '@ethereumjs/util': [ '9.1.0' ],
127 silly audit   '@noble/curves': [ '1.4.2', '1.2.0', '1.8.2' ],
127 silly audit   '@noble/hashes': [ '1.4.0', '1.3.2', '1.2.0', '1.7.2' ],
127 silly audit   '@scure/bip32': [ '1.4.0', '1.1.5' ],
127 silly audit   '@scure/bip39': [ '1.3.0', '1.1.1' ],
127 silly audit   'ethereum-cryptography': [ '2.2.1', '1.2.0' ],
127 silly audit   '@ethersproject/abi': [ '5.8.0' ],
127 silly audit   '@ethersproject/abstract-provider': [ '5.8.0' ],
127 silly audit   '@ethersproject/abstract-signer': [ '5.8.0' ],
127 silly audit   '@ethersproject/address': [ '5.8.0' ],
127 silly audit   '@ethersproject/base64': [ '5.8.0' ],
127 silly audit   '@ethersproject/basex': [ '5.8.0' ],
127 silly audit   '@ethersproject/bignumber': [ '5.8.0' ],
127 silly audit   '@ethersproject/bytes': [ '5.8.0' ],
127 silly audit   '@ethersproject/constants': [ '5.8.0' ],
127 silly audit   '@ethersproject/contracts': [ '5.8.0' ],
127 silly audit   '@ethersproject/hash': [ '5.8.0' ],
127 silly audit   '@ethersproject/hdnode': [ '5.8.0' ],
127 silly audit   '@ethersproject/json-wallets': [ '5.8.0' ],
127 silly audit   '@ethersproject/keccak256': [ '5.8.0' ],
127 silly audit   '@ethersproject/logger': [ '5.8.0' ],
127 silly audit   '@ethersproject/networks': [ '5.8.0' ],
127 silly audit   '@ethersproject/pbkdf2': [ '5.8.0' ],
127 silly audit   '@ethersproject/properties': [ '5.8.0' ],
127 silly audit   '@ethersproject/providers': [ '5.8.0' ],
127 silly audit   '@ethersproject/random': [ '5.8.0' ],
127 silly audit   '@ethersproject/rlp': [ '5.8.0' ],
127 silly audit   '@ethersproject/sha2': [ '5.8.0' ],
127 silly audit   '@ethersproject/signing-key': [ '5.8.0' ],
127 silly audit   '@ethersproject/solidity': [ '5.8.0' ],
127 silly audit   '@ethersproject/strings': [ '5.8.0' ],
127 silly audit   '@ethersproject/transactions': [ '5.8.0' ],
127 silly audit   '@ethersproject/units': [ '5.8.0' ],
127 silly audit   '@ethersproject/wallet': [ '5.8.0' ],
127 silly audit   '@ethersproject/web': [ '5.8.0' ],
127 silly audit   '@ethersproject/wordlists': [ '5.8.0' ],
127 silly audit   '@fastify/busboy': [ '3.1.1', '2.1.1' ],
127 silly audit   '@firebase/ai': [ '2.0.0' ],
127 silly audit   '@firebase/analytics': [ '0.10.18' ],
127 silly audit   '@firebase/analytics-compat': [ '0.2.24' ],
127 silly audit   '@firebase/analytics-types': [ '0.8.3' ],
127 silly audit   '@firebase/app': [ '0.14.0' ],
127 silly audit   '@firebase/app-check': [ '0.11.0' ],
127 silly audit   '@firebase/app-check-compat': [ '0.4.0' ],
127 silly audit   '@firebase/app-check-interop-types': [ '0.3.3' ],
127 silly audit   '@firebase/app-check-types': [ '0.5.3' ],
127 silly audit   '@firebase/app-compat': [ '0.5.0' ],
127 silly audit   '@firebase/app-types': [ '0.9.3' ],
127 silly audit   '@firebase/auth': [ '1.11.0' ],
127 silly audit   '@firebase/auth-compat': [ '0.6.0' ],
127 silly audit   '@firebase/auth-interop-types': [ '0.2.4' ],
127 silly audit   '@firebase/auth-types': [ '0.13.0' ],
127 silly audit   '@firebase/component': [ '0.7.0' ],
127 silly audit   '@firebase/data-connect': [ '0.3.11' ],
127 silly audit   '@firebase/database': [ '1.1.0' ],
127 silly audit   '@firebase/database-compat': [ '2.1.0' ],
127 silly audit   '@firebase/database-types': [ '1.0.16' ],
127 silly audit   '@firebase/firestore': [ '4.9.0' ],
127 silly audit   '@firebase/firestore-compat': [ '0.4.0' ],
127 silly audit   '@firebase/firestore-types': [ '3.0.3' ],
127 silly audit   '@grpc/grpc-js': [ '1.9.15', '1.13.4' ],
127 silly audit   '@firebase/functions': [ '0.13.0' ],
127 silly audit   '@firebase/functions-compat': [ '0.4.0' ],
127 silly audit   '@firebase/functions-types': [ '0.6.3' ],
127 silly audit   '@firebase/installations': [ '0.6.19' ],
127 silly audit   '@firebase/installations-compat': [ '0.2.19' ],
127 silly audit   '@firebase/installations-types': [ '0.5.3' ],
127 silly audit   '@firebase/logger': [ '0.5.0' ],
127 silly audit   '@firebase/messaging': [ '0.12.23' ],
127 silly audit   '@firebase/messaging-compat': [ '0.2.23' ],
127 silly audit   '@firebase/messaging-interop-types': [ '0.2.3' ],
127 silly audit   '@firebase/performance': [ '0.7.8' ],
127 silly audit   '@firebase/performance-compat': [ '0.2.21' ],
127 silly audit   '@firebase/performance-types': [ '0.2.3' ],
127 silly audit   '@firebase/remote-config': [ '0.6.6' ],
127 silly audit   '@firebase/remote-config-compat': [ '0.2.19' ],
127 silly audit   '@firebase/remote-config-types': [ '0.4.0' ],
127 silly audit   '@firebase/storage': [ '0.14.0' ],
127 silly audit   '@firebase/storage-compat': [ '0.4.0' ],
127 silly audit   '@firebase/storage-types': [ '0.8.3' ],
127 silly audit   '@firebase/util': [ '1.13.0' ],
127 silly audit   '@firebase/webchannel-wrapper': [ '1.0.4' ],
127 silly audit   '@google-cloud/firestore': [ '7.11.3' ],
127 silly audit   '@google-cloud/paginator': [ '5.0.2' ],
127 silly audit   '@google-cloud/projectify': [ '4.0.0' ],
127 silly audit   '@google-cloud/promisify': [ '4.0.0' ],
127 silly audit   '@google-cloud/storage': [ '7.16.0' ],
127 silly audit   uuid: [ '8.3.2', '9.0.1', '11.1.0' ],
127 silly audit   '@grpc/proto-loader': [ '0.7.15' ],
127 silly audit   '@humanfs/core': [ '0.19.1' ],
127 silly audit   '@humanfs/node': [ '0.16.6' ],
127 silly audit   '@humanwhocodes/retry': [ '0.3.1', '0.4.3' ],
127 silly audit   '@humanwhocodes/module-importer': [ '1.0.1' ],
127 silly audit   'ansi-regex': [ '5.0.1' ],
127 silly audit   'ansi-styles': [ '3.2.1', '4.3.0' ],
127 silly audit   'emoji-regex': [ '8.0.0' ],
127 silly audit   'string-width': [ '4.2.3' ],
127 silly audit   'strip-ansi': [ '6.0.1' ],
127 silly audit   'wrap-ansi': [ '7.0.0' ],
127 silly audit   '@jridgewell/gen-mapping': [ '0.3.12' ],
127 silly audit   '@jridgewell/resolve-uri': [ '3.1.2' ],
127 silly audit   '@jridgewell/sourcemap-codec': [ '1.5.4' ],
127 silly audit   '@js-sdsl/ordered-map': [ '4.4.2' ],
127 silly audit   '@lezer/common': [ '1.2.3' ],
127 silly audit   '@lezer/lr': [ '1.4.2' ],
127 silly audit   '@mischnic/json-sourcemap': [ '0.1.1' ],
127 silly audit   '@noble/secp256k1': [ '1.7.1' ],
127 silly audit   '@nomicfoundation/edr': [ '0.11.3' ],
127 silly audit   '@nomicfoundation/edr-darwin-arm64': [ '0.11.3' ],
127 silly audit   '@nomicfoundation/edr-darwin-x64': [ '0.11.3' ],
127 silly audit   '@nomicfoundation/edr-linux-arm64-gnu': [ '0.11.3' ],
127 silly audit   '@nomicfoundation/edr-linux-arm64-musl': [ '0.11.3' ],
127 silly audit   '@nomicfoundation/edr-linux-x64-gnu': [ '0.11.3' ],
127 silly audit   '@nomicfoundation/edr-linux-x64-musl': [ '0.11.3' ],
127 silly audit   '@nomicfoundation/edr-win32-x64-msvc': [ '0.11.3' ],
127 silly audit   'fs-extra': [ '7.0.1' ],
127 silly audit   jsonfile: [ '4.0.0' ],
127 silly audit   universalify: [ '0.1.2' ],
127 silly audit   '@types/node': [ '22.16.4', '22.7.5' ],
127 silly audit   'aes-js': [ '3.0.0', '4.0.0-beta.5' ],
127 silly audit   cbor: [ '8.1.0' ],
127 silly audit   ethers: [ '5.8.0', '6.15.0' ],
127 silly audit   tslib: [ '1.14.1', '2.8.1', '2.7.0' ],
127 silly audit   'undici-types': [ '6.21.0', '6.19.8' ],
127 silly audit   ws: [ '7.5.10', '8.18.0', '8.17.1' ],
127 silly audit   '@nomicfoundation/solidity-analyzer': [ '0.1.2' ],
127 silly audit   '@nomicfoundation/solidity-analyzer-darwin-arm64': [ '0.1.2' ],
127 silly audit   '@nomicfoundation/solidity-analyzer-darwin-x64': [ '0.1.2' ],
127 silly audit   '@nomicfoundation/solidity-analyzer-linux-arm64-gnu': [ '0.1.2' ],
127 silly audit   '@nomicfoundation/solidity-analyzer-linux-arm64-musl': [ '0.1.2' ],
127 silly audit   '@nomicfoundation/solidity-analyzer-linux-x64-gnu': [ '0.1.2' ],
127 silly audit   '@nomicfoundation/solidity-analyzer-linux-x64-musl': [ '0.1.2' ],
127 silly audit   '@nomicfoundation/solidity-analyzer-win32-x64-msvc': [ '0.1.2' ],
127 silly audit   '@nomiclabs/hardhat-ethers': [ '2.2.3' ],
127 silly audit   '@nomiclabs/hardhat-etherscan': [ '3.1.8' ],
127 silly audit   chalk: [ '2.4.2', '4.1.2' ],
127 silly audit   'color-convert': [ '1.9.3', '2.0.1' ],
127 silly audit   'color-name': [ '1.1.3', '1.1.4' ],
127 silly audit   'escape-string-regexp': [ '1.0.5', '4.0.0' ],
127 silly audit   'has-flag': [ '3.0.0', '4.0.0' ],
127 silly audit   'supports-color': [ '5.5.0', '8.1.1', '7.2.0' ],
127 silly audit   '@opentelemetry/api': [ '1.9.0' ],
127 silly audit   '@parcel/bundler-default': [ '2.15.4' ],
127 silly audit   '@parcel/cache': [ '2.15.4' ],
127 silly audit   '@parcel/codeframe': [ '2.15.4' ],
127 silly audit   '@parcel/compressor-raw': [ '2.15.4' ],
127 silly audit   '@parcel/config-default': [ '2.15.4' ],
127 silly audit   '@parcel/core': [ '2.15.4' ],
127 silly audit   '@parcel/diagnostic': [ '2.15.4' ],
127 silly audit   '@parcel/error-overlay': [ '2.15.4' ],
127 silly audit   '@parcel/events': [ '2.15.4' ],
127 silly audit   '@parcel/feature-flags': [ '2.15.4' ],
127 silly audit   '@parcel/fs': [ '2.15.4' ],
127 silly audit   '@parcel/graph': [ '3.5.4' ],
127 silly audit   '@parcel/logger': [ '2.15.4' ],
127 silly audit   '@parcel/markdown-ansi': [ '2.15.4' ],
127 silly audit   '@parcel/namer-default': [ '2.15.4' ],
127 silly audit   '@parcel/node-resolver-core': [ '3.6.4' ],
127 silly audit   '@parcel/optimizer-css': [ '2.15.4' ],
127 silly audit   '@parcel/optimizer-html': [ '2.15.4' ],
127 silly audit   '@parcel/optimizer-image': [ '2.15.4' ],
127 silly audit   '@parcel/optimizer-svg': [ '2.15.4' ],
127 silly audit   '@parcel/optimizer-swc': [ '2.15.4' ],
127 silly audit   '@parcel/package-manager': [ '2.15.4' ],
127 silly audit   '@parcel/packager-css': [ '2.15.4' ],
127 silly audit   '@parcel/packager-html': [ '2.15.4' ],
127 silly audit   '@parcel/packager-js': [ '2.15.4' ],
127 silly audit   '@parcel/packager-raw': [ '2.15.4' ],
127 silly audit   '@parcel/packager-svg': [ '2.15.4' ],
127 silly audit   '@parcel/packager-wasm': [ '2.15.4' ],
127 silly audit   '@parcel/plugin': [ '2.15.4' ],
127 silly audit   '@parcel/profiler': [ '2.15.4' ],
127 silly audit   '@parcel/reporter-cli': [ '2.15.4' ],
127 silly audit   '@parcel/reporter-dev-server': [ '2.15.4' ],
127 silly audit   '@parcel/reporter-tracer': [ '2.15.4' ],
127 silly audit   '@parcel/resolver-default': [ '2.15.4' ],
127 silly audit   '@parcel/runtime-browser-hmr': [ '2.15.4' ],
127 silly audit   '@parcel/runtime-js': [ '2.15.4' ],
127 silly audit   '@parcel/runtime-rsc': [ '2.15.4' ],
127 silly audit   '@parcel/runtime-service-worker': [ '2.15.4' ],
127 silly audit   '@parcel/rust': [ '2.15.4' ],
127 silly audit   '@parcel/source-map': [ '2.1.1' ],
127 silly audit   'detect-libc': [ '1.0.3', '2.0.4' ],
127 silly audit   '@parcel/transformer-babel': [ '2.15.4' ],
127 silly audit   '@parcel/transformer-css': [ '2.15.4' ],
127 silly audit   '@parcel/transformer-html': [ '2.15.4' ],
127 silly audit   '@parcel/transformer-image': [ '2.15.4' ],
127 silly audit   '@parcel/transformer-js': [ '2.15.4' ],
127 silly audit   '@parcel/transformer-json': [ '2.15.4' ],
127 silly audit   '@parcel/transformer-node': [ '2.15.4' ],
127 silly audit   '@parcel/transformer-postcss': [ '2.15.4' ],
127 silly audit   '@parcel/transformer-posthtml': [ '2.15.4' ],
127 silly audit   '@parcel/transformer-raw': [ '2.15.4' ],
127 silly audit   '@parcel/transformer-react-refresh-wrap': [ '2.15.4' ],
127 silly audit   'react-refresh': [ '0.16.0', '0.17.0' ],
127 silly audit   '@parcel/transformer-svg': [ '2.15.4' ],
127 silly audit   '@parcel/types': [ '2.15.4' ],
127 silly audit   '@parcel/types-internal': [ '2.15.4' ],
127 silly audit   '@parcel/utils': [ '2.15.4' ],
127 silly audit   '@parcel/watcher': [ '2.5.1' ],
127 silly audit   '@parcel/watcher-android-arm64': [ '2.5.1' ],
127 silly audit   '@parcel/workers': [ '2.15.4' ],
127 silly audit   '@protobufjs/aspromise': [ '1.1.2' ],
127 silly audit   '@protobufjs/base64': [ '1.1.2' ],
127 silly audit   '@protobufjs/codegen': [ '2.0.4' ],
127 silly audit   '@protobufjs/eventemitter': [ '1.1.0' ],
127 silly audit   '@protobufjs/fetch': [ '1.1.0' ],
127 silly audit   '@protobufjs/float': [ '1.0.2' ],
127 silly audit   '@protobufjs/inquire': [ '1.1.0' ],
127 silly audit   '@protobufjs/path': [ '1.1.2' ],
127 silly audit   '@protobufjs/pool': [ '1.1.0' ],
127 silly audit   '@protobufjs/utf8': [ '1.1.0' ],
127 silly audit   '@rolldown/pluginutils': [ '1.0.0-beta.19' ],
127 silly audit   '@rollup/rollup-android-arm64': [ '4.45.0' ],
127 silly audit   '@scure/base': [ '1.1.9', '1.2.6' ],
127 silly audit   '@sentry/core': [ '5.30.0' ],
127 silly audit   '@sentry/hub': [ '5.30.0' ],
127 silly audit   '@sentry/minimal': [ '5.30.0' ],
127 silly audit   '@sentry/node': [ '5.30.0' ],
127 silly audit   'agent-base': [ '6.0.2', '7.1.4' ],
127 silly audit   'https-proxy-agent': [ '5.0.1', '7.0.6' ],
127 silly audit   '@sentry/tracing': [ '5.30.0' ],
127 silly audit   '@sentry/types': [ '5.30.0' ],
127 silly audit   '@sentry/utils': [ '5.30.0' ],
127 silly audit   '@swc/core': [ '1.12.14' ],
127 silly audit   '@swc/counter': [ '0.1.3' ],
127 silly audit   '@swc/helpers': [ '0.5.17' ],
127 silly audit   '@swc/types': [ '0.1.23' ],
127 silly audit   '@tootallnate/once': [ '2.0.0' ],
127 silly audit   '@tsconfig/node10': [ '1.0.11' ],
127 silly audit   '@tsconfig/node12': [ '1.0.11' ],
127 silly audit   '@tsconfig/node14': [ '1.0.3' ],
127 silly audit   '@tsconfig/node16': [ '1.0.4' ],
127 silly audit   '@types/babel__core': [ '7.20.5' ],
127 silly audit   '@types/babel__generator': [ '7.27.0' ],
127 silly audit   '@types/babel__template': [ '7.4.4' ],
127 silly audit   '@types/babel__traverse': [ '7.20.7' ],
127 silly audit   '@types/body-parser': [ '1.19.6' ],
127 silly audit   '@types/caseless': [ '0.12.5' ],
127 silly audit   '@types/connect': [ '3.4.38' ],
127 silly audit   '@types/estree': [ '1.0.8' ],
127 silly audit   '@types/express': [ '4.17.23' ],
127 silly audit   '@types/express-serve-static-core': [ '4.19.6' ],
127 silly audit   '@types/http-errors': [ '2.0.5' ],
127 silly audit   '@types/json-schema': [ '7.0.15' ],
127 silly audit   '@types/jsonwebtoken': [ '9.0.10' ],
127 silly audit   '@types/long': [ '4.0.2' ],
127 silly audit   '@types/mime': [ '1.3.5' ],
127 silly audit   '@types/ms': [ '2.1.0' ],
127 silly audit   '@types/qs': [ '6.14.0' ],
127 silly audit   '@types/range-parser': [ '1.2.7' ],
127 silly audit   '@types/react': [ '19.1.8' ],
127 silly audit   '@types/react-dom': [ '19.1.6' ],
127 silly audit   '@types/request': [ '2.48.12' ],
127 silly audit   '@types/send': [ '0.17.5' ],
127 silly audit   '@types/serve-static': [ '1.15.8' ],
127 silly audit   '@types/tough-cookie': [ '4.0.5' ],
127 silly audit   '@vitejs/plugin-react': [ '4.6.0' ],
127 silly audit   'abort-controller': [ '3.0.0' ],
127 silly audit   acorn: [ '8.15.0' ],
127 silly audit   'acorn-jsx': [ '5.3.2' ],
127 silly audit   'acorn-walk': [ '8.3.4' ],
127 silly audit   'adm-zip': [ '0.4.16' ],
127 silly audit   'aggregate-error': [ '3.1.0' ],
127 silly audit   ajv: [ '6.12.6', '8.17.1' ],
127 silly audit   'ansi-align': [ '3.0.1' ],
127 silly audit   'ansi-colors': [ '4.1.3' ],
127 silly audit   'ansi-escapes': [ '4.3.2' ],
127 silly audit   'type-fest': [ '0.21.3', '0.7.1', '0.20.2' ],
127 silly audit   anymatch: [ '3.1.3' ],
127 silly audit   picomatch: [ '2.3.1', '4.0.2' ],
127 silly audit   arg: [ '4.1.3' ],
127 silly audit   argparse: [ '2.0.1' ],
127 silly audit   arrify: [ '2.0.1' ],
127 silly audit   'astral-regex': [ '2.0.0' ],
127 silly audit   'async-retry': [ '1.3.3' ],
127 silly audit   asynckit: [ '0.4.0' ],
127 silly audit   'form-data': [ '2.5.4' ],
127 silly audit   'balanced-match': [ '1.0.2' ],
127 silly audit   'base-x': [ '3.0.11' ],
127 silly audit   'base64-js': [ '1.5.1' ],
127 silly audit   bech32: [ '1.1.4' ],
127 silly audit   'bignumber.js': [ '9.3.1' ],
127 silly audit   'binary-extensions': [ '2.3.0' ],
127 silly audit   'bn.js': [ '5.2.2', '4.12.2' ],
127 silly audit   boxen: [ '5.1.2' ],
127 silly audit   'brace-expansion': [ '1.1.12', '2.0.2' ],
127 silly audit   braces: [ '3.0.3' ],
127 silly audit   brorand: [ '1.1.0' ],
127 silly audit   'browser-stdout': [ '1.3.1' ],
127 silly audit   browserslist: [ '4.25.1' ],
127 silly audit   'buffer-equal-constant-time': [ '1.0.1' ],
127 silly audit   'buffer-from': [ '1.1.2' ],
127 silly audit   bytes: [ '3.1.2' ],
127 silly audit   'call-bind-apply-helpers': [ '1.0.2' ],
127 silly audit   callsites: [ '3.1.0' ],
127 silly audit   camelcase: [ '6.3.0' ],
127 silly audit   'caniuse-lite': [ '1.0.30001727' ],
127 silly audit   chokidar: [ '4.0.3', '3.6.0' ],
127 silly audit   'chrome-trace-event': [ '1.0.4' ],
127 silly audit   'ci-info': [ '2.0.0' ],
127 silly audit   'clean-stack': [ '2.2.0' ],
127 silly audit   'cli-boxes': [ '2.2.1' ],
127 silly audit   cliui: [ '8.0.1', '7.0.4' ],
127 silly audit   clone: [ '2.1.2' ],
127 silly audit   'combined-stream': [ '1.0.8' ],
127 silly audit   'command-exists': [ '1.2.9' ],
127 silly audit   commander: [ '12.1.0', '8.3.0' ],
127 silly audit   'concat-map': [ '0.0.1' ],
127 silly audit   'convert-source-map': [ '2.0.0' ],
127 silly audit   cookie: [ '0.4.2' ],
127 silly audit   'create-require': [ '1.1.1' ],
127 silly audit   'cross-spawn': [ '7.0.6' ],
127 silly audit   csstype: [ '3.1.3' ],
127 silly audit   debug: [ '4.4.1' ],
127 silly audit   decamelize: [ '4.0.0' ],
127 silly audit   'deep-is': [ '0.1.4' ],
127 silly audit   'delayed-stream': [ '1.0.0' ],
127 silly audit   depd: [ '2.0.0' ],
127 silly audit   diff: [ '5.2.0', '4.0.2' ],
127 silly audit   dotenv: [ '16.6.1', '17.2.0' ],
127 silly audit   'dotenv-expand': [ '11.0.7' ],
127 silly audit   'dunder-proto': [ '1.0.1' ],
127 silly audit   duplexify: [ '4.1.3' ],
127 silly audit   'ecdsa-sig-formatter': [ '1.0.11' ],
127 silly audit   'electron-to-chromium': [ '1.5.183' ],
127 silly audit   elliptic: [ '6.6.1' ],
127 silly audit   'end-of-stream': [ '1.4.5' ],
127 silly audit   enquirer: [ '2.4.1' ],
127 silly audit   'env-paths': [ '2.2.1' ],
127 silly audit   'es-define-property': [ '1.0.1' ],
127 silly audit   'es-errors': [ '1.3.0' ],
127 silly audit   'es-object-atoms': [ '1.1.1' ],
127 silly audit   'es-set-tostringtag': [ '2.1.0' ],
127 silly audit   esbuild: [ '0.25.6' ],
127 silly audit   escalade: [ '3.2.0' ],
127 silly audit   estraverse: [ '5.3.0' ],
127 silly audit   levn: [ '0.4.1' ],
127 silly audit   optionator: [ '0.9.4' ],
127 silly audit   'prelude-ls': [ '1.2.1' ],
127 silly audit   'source-map': [ '0.6.1' ],
127 silly audit   'type-check': [ '0.4.0' ],
127 silly audit   eslint: [ '9.31.0' ],
127 silly audit   'eslint-plugin-react-hooks': [ '5.2.0' ],
127 silly audit   'eslint-plugin-react-refresh': [ '0.4.20' ],
127 silly audit   'eslint-scope': [ '8.4.0' ],
127 silly audit   espree: [ '10.4.0' ],
127 silly audit   esquery: [ '1.6.0' ],
127 silly audit   esrecurse: [ '4.3.0' ],
127 silly audit   esutils: [ '2.0.3' ],
127 silly audit   'event-target-shim': [ '5.0.1' ],
127 silly audit   extend: [ '3.0.2' ],
127 silly audit   'farmhash-modern': [ '1.1.0' ],
127 silly audit   'fast-deep-equal': [ '3.1.3' ],
127 silly audit   'glob-parent': [ '6.0.2', '5.1.2' ],
127 silly audit   'fast-json-stable-stringify': [ '2.1.0' ],
127 silly audit   'fast-levenshtein': [ '2.0.6' ],
127 silly audit   'fast-uri': [ '3.0.6' ],
127 silly audit   'fast-xml-parser': [ '4.5.3' ],
127 silly audit   'faye-websocket': [ '0.11.4' ],
127 silly audit   fdir: [ '6.4.6' ],
127 silly audit   'file-entry-cache': [ '8.0.0' ],
127 silly audit   'fill-range': [ '7.1.1' ],
127 silly audit   'find-up': [ '5.0.0' ],
127 silly audit   firebase: [ '12.0.0' ],
127 silly audit   'firebase-admin': [ '13.4.0' ],
127 silly audit   flat: [ '5.0.2' ],
127 silly audit   'flat-cache': [ '4.0.1' ],
127 silly audit   flatted: [ '3.3.3' ],
127 silly audit   'follow-redirects': [ '1.15.9' ],
127 silly audit   'fp-ts': [ '1.19.3' ],
127 silly audit   'fs.realpath': [ '1.0.0' ],
127 silly audit   fsevents: [ '2.3.3' ],
127 silly audit   'function-bind': [ '1.1.2' ],
127 silly audit   'functional-red-black-tree': [ '1.0.1' ],
127 silly audit   gaxios: [ '6.7.1' ],
127 silly audit   'gcp-metadata': [ '6.1.1' ],
127 silly audit   gensync: [ '1.0.0-beta.2' ],
127 silly audit   'get-caller-file': [ '2.0.5' ],
127 silly audit   'get-intrinsic': [ '1.3.0' ],
127 silly audit   'get-port': [ '4.2.0' ],
127 silly audit   'get-proto': [ '1.0.1' ],
127 silly audit   glob: [ '8.1.0' ],
127 silly audit   minimatch: [ '5.1.6', '3.1.2' ],
127 silly audit   which: [ '2.0.2' ],
127 silly audit   'google-auth-library': [ '9.15.1' ],
127 silly audit   'google-gax': [ '4.6.1' ],
127 silly audit   'google-logging-utils': [ '0.0.2' ],
127 silly audit   gopd: [ '1.2.0' ],
127 silly audit   'graceful-fs': [ '4.2.11' ],
127 silly audit   gtoken: [ '7.1.0' ],
127 silly audit   hardhat: [ '2.26.1' ],
127 silly audit   'has-own': [ '1.0.1' ],
127 silly audit   'has-symbols': [ '1.1.0' ],
127 silly audit   'has-tostringtag': [ '1.0.2' ],
127 silly audit   'hash.js': [ '1.1.7' ],
127 silly audit   hasown: [ '2.0.2' ],
127 silly audit   he: [ '1.2.0' ],
127 silly audit   'hmac-drbg': [ '1.0.1' ],
127 silly audit   'html-entities': [ '2.6.0' ],
127 silly audit   'http-errors': [ '2.0.0' ],
127 silly audit   'http-parser-js': [ '0.5.10' ],
127 silly audit   'http-proxy-agent': [ '5.0.0' ],
127 silly audit   'iconv-lite': [ '0.4.24' ],
127 silly audit   idb: [ '7.1.1' ],
127 silly audit   ignore: [ '5.3.2' ],
127 silly audit   immutable: [ '4.3.7' ],
127 silly audit   'import-fresh': [ '3.3.1' ],
127 silly audit   imurmurhash: [ '0.1.4' ],
127 silly audit   'indent-string': [ '4.0.0' ],
127 silly audit   inflight: [ '1.0.6' ],
127 silly audit   inherits: [ '2.0.4' ],
127 silly audit   'io-ts': [ '1.10.4' ],
127 silly audit   'is-binary-path': [ '2.1.0' ],
127 silly audit   'is-extglob': [ '2.1.1' ],
127 silly audit   'is-fullwidth-code-point': [ '3.0.0' ],
127 silly audit   'is-glob': [ '4.0.3' ],
127 silly audit   'is-number': [ '7.0.0' ],
127 silly audit   'is-plain-obj': [ '2.1.0' ],
127 silly audit   'is-stream': [ '2.0.1' ],
127 silly audit   'is-unicode-supported': [ '0.1.0' ],
127 silly audit   isexe: [ '2.0.0' ],
127 silly audit   jose: [ '4.15.9' ],
127 silly audit   'js-sha3': [ '0.8.0' ],
127 silly audit   'js-tokens': [ '4.0.0' ],
127 silly audit   'js-yaml': [ '4.1.0' ],
127 silly audit   jsesc: [ '3.1.0' ],
127 silly audit   'json-bigint': [ '1.0.0' ],
127 silly audit   'json-buffer': [ '3.0.1' ],
127 silly audit   'json-schema-traverse': [ '0.4.1', '1.0.0' ],
127 silly audit   'json-stable-stringify-without-jsonify': [ '1.0.1' ],
127 silly audit   'json-stream-stringify': [ '3.1.6' ],
127 silly audit   json5: [ '2.2.3' ],
127 silly audit   jsonwebtoken: [ '9.0.2' ],
127 silly audit   jwa: [ '1.4.2', '2.0.1' ],
127 silly audit   jws: [ '3.2.2', '4.0.0' ],
127 silly audit   'jwks-rsa': [ '3.2.0' ],
127 silly audit   keccak: [ '3.0.4' ],
127 silly audit   'node-addon-api': [ '2.0.2', '6.1.0', '7.1.1' ],
127 silly audit   keyv: [ '4.5.4' ],
127 silly audit   lightningcss: [ '1.30.1' ],
127 silly audit   limiter: [ '1.1.5' ],
127 silly audit   lmdb: [ '2.8.5' ],
127 silly audit   'locate-path': [ '6.0.0' ],
127 silly audit   lodash: [ '4.17.21' ],
127 silly audit   'lodash.camelcase': [ '4.3.0' ],
127 silly audit   'lodash.clonedeep': [ '4.5.0' ],
127 silly audit   'lodash.includes': [ '4.3.0' ],
127 silly audit   'lodash.isboolean': [ '3.0.3' ],
127 silly audit   'lodash.isinteger': [ '4.0.4' ],
127 silly audit   'lodash.isnumber': [ '3.0.3' ],
127 silly audit   'lodash.isplainobject': [ '4.0.6' ],
127 silly audit   'lodash.isstring': [ '4.0.1' ],
127 silly audit   'lodash.merge': [ '4.6.2' ],
127 silly audit   'lodash.once': [ '4.1.1' ],
127 silly audit   'lodash.truncate': [ '4.4.2' ],
127 silly audit   'log-symbols': [ '4.1.0' ],
127 silly audit   long: [ '5.3.2' ],
127 silly audit   lru_map: [ '0.3.3' ],
127 silly audit   'lru-cache': [ '5.1.1', '6.0.0' ],
127 silly audit   'lru-memoizer': [ '2.3.0' ],
127 silly audit   yallist: [ '4.0.0', '3.1.1' ],
127 silly audit   'make-error': [ '1.3.6' ],
127 silly audit   'math-intrinsics': [ '1.1.0' ],
127 silly audit   memorystream: [ '0.3.1' ],
127 silly audit   'micro-eth-signer': [ '0.14.0' ],
127 silly audit   'micro-packed': [ '0.7.3' ],
127 silly audit   micromatch: [ '4.0.8' ],
127 silly audit   mime: [ '3.0.0' ],
127 silly audit   'mime-db': [ '1.52.0' ],
127 silly audit   'mime-types': [ '2.1.35' ],
127 silly audit   'minimalistic-assert': [ '1.0.1' ],
127 silly audit   'minimalistic-crypto-utils': [ '1.0.1' ],
127 silly audit   mnemonist: [ '0.38.5' ],
127 silly audit   mocha: [ '10.8.2' ],
127 silly audit   readdirp: [ '3.6.0', '4.1.2' ],
127 silly audit   yargs: [ '16.2.0', '17.7.2' ],
127 silly audit   'yargs-parser': [ '20.2.9', '21.1.1' ],
127 silly audit   ms: [ '2.1.3' ],
127 silly audit   msgpackr: [ '1.11.4' ],
127 silly audit   nanoid: [ '3.3.11' ],
127 silly audit   'natural-compare': [ '1.4.0' ],
127 silly audit   'node-fetch': [ '2.7.0' ],
127 silly audit   'node-forge': [ '1.3.1' ],
127 silly audit   'node-gyp-build': [ '4.8.4' ],
127 silly audit   'node-gyp-build-optional-packages': [ '5.1.1' ],
127 silly audit   'node-releases': [ '2.0.19' ],
127 silly audit   nofilter: [ '3.1.0' ],
127 silly audit   'normalize-path': [ '3.0.0' ],
127 silly audit   nullthrows: [ '1.1.1' ],
127 silly audit   'object-hash': [ '3.0.0' ],
127 silly audit   obliterator: [ '2.0.5' ],
127 silly audit   once: [ '1.4.0' ],
127 silly audit   'ordered-binary': [ '1.6.0' ],
127 silly audit   'os-tmpdir': [ '1.0.2' ],
127 silly audit   'p-limit': [ '3.1.0' ],
127 silly audit   'p-locate': [ '5.0.0' ],
127 silly audit   'p-map': [ '4.0.0' ],
127 silly audit   parcel: [ '2.15.4' ],
127 silly audit   'parent-module': [ '1.0.1' ],
127 silly audit   'path-exists': [ '4.0.0' ],
127 silly audit   'path-key': [ '3.1.1' ],
127 silly audit   'path-parse': [ '1.0.7' ],
127 silly audit   picocolors: [ '1.1.1' ],
127 silly audit   postcss: [ '8.5.6' ],
127 silly audit   'postcss-value-parser': [ '4.2.0' ],
127 silly audit   'proto3-json-serializer': [ '2.0.2' ],
127 silly audit   protobufjs: [ '7.5.3' ],
127 silly audit   punycode: [ '2.3.1' ],
127 silly audit   randombytes: [ '2.1.0' ],
127 silly audit   'raw-body': [ '2.5.2' ],
127 silly audit   react: [ '19.1.0' ],
127 silly audit   'react-dom': [ '19.1.0' ],
127 silly audit   'readable-stream': [ '3.6.2' ],
127 silly audit   'regenerator-runtime': [ '0.14.1' ],
127 silly audit   'require-directory': [ '2.1.1' ],
127 silly audit   'require-from-string': [ '2.0.2' ],
127 silly audit   resolve: [ '1.17.0' ],
127 silly audit   'resolve-from': [ '4.0.0' ],
127 silly audit   retry: [ '0.13.1' ],
127 silly audit   'retry-request': [ '7.0.2' ],
127 silly audit   rollup: [ '4.45.0' ],
127 silly audit   'safe-buffer': [ '5.2.1' ],
127 silly audit   'safer-buffer': [ '2.1.2' ],
127 silly audit   scheduler: [ '0.26.0' ],
127 silly audit   'scrypt-js': [ '3.0.1' ],
127 silly audit   'serialize-javascript': [ '6.0.2' ],
127 silly audit   setprototypeof: [ '1.2.0' ],
127 silly audit   'shebang-command': [ '2.0.0' ],
127 silly audit   'shebang-regex': [ '3.0.0' ],
127 silly audit   'slice-ansi': [ '4.0.0' ],
127 silly audit   solc: [ '0.8.26' ],
127 silly audit   'source-map-js': [ '1.2.1' ],
127 silly audit   'source-map-support': [ '0.5.21' ],
127 silly audit   'stacktrace-parser': [ '0.1.11' ],
127 silly audit   statuses: [ '2.0.1' ],
127 silly audit   'stream-events': [ '1.0.5' ],
127 silly audit   'stream-shift': [ '1.0.3' ],
127 silly audit   string_decoder: [ '1.3.0' ],
127 silly audit   'strip-json-comments': [ '3.1.1' ],
127 silly audit   strnum: [ '1.1.2' ],
127 silly audit   stubs: [ '3.0.0' ],
127 silly audit   table: [ '6.9.0' ],
127 silly audit   'teeny-request': [ '9.0.0' ],
127 silly audit   'term-size': [ '2.2.1' ],
127 silly audit   tinyglobby: [ '0.2.14' ],
127 silly audit   tmp: [ '0.0.33' ],
127 silly audit   'to-regex-range': [ '5.0.1' ],
127 silly audit   toidentifier: [ '1.0.1' ],
127 silly audit   tr46: [ '0.0.3' ],
127 silly audit   'ts-node': [ '10.9.2' ],
127 silly audit   tsort: [ '0.0.1' ],
127 silly audit   typescript: [ '5.8.3' ],
127 silly audit   undici: [ '5.29.0' ],
127 silly audit   unpipe: [ '1.0.0' ],
127 silly audit   'update-browserslist-db': [ '1.1.3' ],
127 silly audit   'uri-js': [ '4.4.1' ],
127 silly audit   'util-deprecate': [ '1.0.2' ],
127 silly audit   'utility-types': [ '3.11.0' ],
127 silly audit   'v8-compile-cache-lib': [ '3.0.1' ],
127 silly audit   vite: [ '7.0.4' ],
127 silly audit   'weak-lru-cache': [ '1.2.2' ],
127 silly audit   'web-vitals': [ '4.2.4' ],
127 silly audit   'webidl-conversions': [ '3.0.1' ],
127 silly audit   'websocket-driver': [ '0.7.4' ],
127 silly audit   'websocket-extensions': [ '0.1.4' ],
127 silly audit   'whatwg-url': [ '5.0.0' ],
127 silly audit   'widest-line': [ '3.1.0' ],
127 silly audit   'word-wrap': [ '1.2.5' ],
127 silly audit   workerpool: [ '6.5.1' ],
127 silly audit   wrappy: [ '1.0.2' ],
127 silly audit   y18n: [ '5.0.8' ],
127 silly audit   'yargs-unparser': [ '2.0.0' ],
127 silly audit   yn: [ '3.1.1' ],
127 silly audit   'yocto-queue': [ '0.1.0' ],
127 silly audit   backend: [ '1.0.0' ],
127 silly audit   contracts: [ '1.0.0' ],
127 silly audit   frontend: [ '0.0.0' ],
127 silly audit   'web3-event-tracker': [ '1.0.0' ],
127 silly audit   'content-hash': [ '2.5.2' ],
127 silly audit   cids: [ '0.7.5' ],
127 silly audit   multicodec: [ '0.5.7', '1.0.4' ],
127 silly audit   multihashes: [ '0.4.21' ],
127 silly audit   buffer: [ '5.7.1' ],
127 silly audit   'class-is': [ '1.1.0' ],
127 silly audit   multibase: [ '0.6.1', '0.7.0' ],
127 silly audit   ieee754: [ '1.2.1' ],
127 silly audit   varint: [ '5.0.2' ]
127 silly audit }
128 verbose reify failed optional dependency /data/data/com.termux/files/home/node_modules/fsevents
129 silly reify mark deleted [ '/data/data/com.termux/files/home/node_modules/fsevents' ]
130 http cache @grpc/grpc-js@https://registry.npmjs.org/@grpc/grpc-js/-/grpc-js-1.13.4.tgz 0ms (cache hit)
131 silly packumentCache corgi:https://registry.npmjs.org/lmdb cache-miss
132 http cache ethers@https://registry.npmjs.org/ethers/-/ethers-5.8.0.tgz 0ms (cache hit)
133 http cache ieee754@https://registry.npmjs.org/ieee754/-/ieee754-1.2.1.tgz 0ms (cache hit)
134 http cache varint@https://registry.npmjs.org/varint/-/varint-5.0.2.tgz 0ms (cache hit)
135 http cache class-is@https://registry.npmjs.org/class-is/-/class-is-1.1.0.tgz 0ms (cache hit)
136 http cache buffer@https://registry.npmjs.org/buffer/-/buffer-5.7.1.tgz 0ms (cache hit)
137 http cache multihashes@https://registry.npmjs.org/multihashes/-/multihashes-0.4.21.tgz 0ms (cache hit)
138 http cache multibase@https://registry.npmjs.org/multibase/-/multibase-0.6.1.tgz 0ms (cache hit)
139 http cache multicodec@https://registry.npmjs.org/multicodec/-/multicodec-0.5.7.tgz 0ms (cache hit)
140 http cache content-hash@https://registry.npmjs.org/content-hash/-/content-hash-2.5.2.tgz 0ms (cache hit)
141 http cache cids@https://registry.npmjs.org/cids/-/cids-0.7.5.tgz 0ms (cache hit)
142 http cache yn@https://registry.npmjs.org/yn/-/yn-3.1.1.tgz 0ms (cache hit)
143 http cache typescript@https://registry.npmjs.org/typescript/-/typescript-5.8.3.tgz 0ms (cache hit)
144 http cache ts-node@https://registry.npmjs.org/ts-node/-/ts-node-10.9.2.tgz 0ms (cache hit)
145 http cache v8-compile-cache-lib@https://registry.npmjs.org/v8-compile-cache-lib/-/v8-compile-cache-lib-3.0.1.tgz 0ms (cache hit)
146 http cache scrypt-js@https://registry.npmjs.org/scrypt-js/-/scrypt-js-3.0.1.tgz 0ms (cache hit)
147 http cache has-own@https://registry.npmjs.org/has-own/-/has-own-1.0.1.tgz 0ms (cache hit)
148 http cache make-error@https://registry.npmjs.org/make-error/-/make-error-1.3.6.tgz 0ms (cache hit)
149 http cache create-require@https://registry.npmjs.org/create-require/-/create-require-1.1.1.tgz 0ms (cache hit)
150 http cache acorn-walk@https://registry.npmjs.org/acorn-walk/-/acorn-walk-8.3.4.tgz 0ms (cache hit)
151 http cache arg@https://registry.npmjs.org/arg/-/arg-4.1.3.tgz 0ms (cache hit)
152 http cache bech32@https://registry.npmjs.org/bech32/-/bech32-1.1.4.tgz 0ms (cache hit)
153 http cache @tsconfig/node16@https://registry.npmjs.org/@tsconfig/node16/-/node16-1.0.4.tgz 0ms (cache hit)
154 http cache @tsconfig/node12@https://registry.npmjs.org/@tsconfig/node12/-/node12-1.0.11.tgz 0ms (cache hit)
155 http cache @tsconfig/node14@https://registry.npmjs.org/@tsconfig/node14/-/node14-1.0.3.tgz 0ms (cache hit)
156 http cache @tsconfig/node10@https://registry.npmjs.org/@tsconfig/node10/-/node10-1.0.11.tgz 0ms (cache hit)
157 http cache @ethersproject/wordlists@https://registry.npmjs.org/@ethersproject/wordlists/-/wordlists-5.8.0.tgz 0ms (cache hit)
158 http cache @ethersproject/units@https://registry.npmjs.org/@ethersproject/units/-/units-5.8.0.tgz 0ms (cache hit)
159 http cache @ethersproject/wallet@https://registry.npmjs.org/@ethersproject/wallet/-/wallet-5.8.0.tgz 0ms (cache hit)
160 http cache @ethersproject/solidity@https://registry.npmjs.org/@ethersproject/solidity/-/solidity-5.8.0.tgz 0ms (cache hit)
161 http cache @ethersproject/random@https://registry.npmjs.org/@ethersproject/random/-/random-5.8.0.tgz 0ms (cache hit)
162 http cache @ethersproject/sha2@https://registry.npmjs.org/@ethersproject/sha2/-/sha2-5.8.0.tgz 0ms (cache hit)
163 http cache @ethersproject/json-wallets@https://registry.npmjs.org/@ethersproject/json-wallets/-/json-wallets-5.8.0.tgz 0ms (cache hit)
164 http cache @ethersproject/pbkdf2@https://registry.npmjs.org/@ethersproject/pbkdf2/-/pbkdf2-5.8.0.tgz 0ms (cache hit)
165 http cache @ethersproject/hdnode@https://registry.npmjs.org/@ethersproject/hdnode/-/hdnode-5.8.0.tgz 0ms (cache hit)
166 http cache @ethersproject/providers@https://registry.npmjs.org/@ethersproject/providers/-/providers-5.8.0.tgz 0ms (cache hit)
167 http cache @ethersproject/contracts@https://registry.npmjs.org/@ethersproject/contracts/-/contracts-5.8.0.tgz 0ms (cache hit)
168 http cache @cspotcode/source-map-support@https://registry.npmjs.org/@cspotcode/source-map-support/-/source-map-support-0.8.1.tgz 0ms (cache hit)
169 http cache @ethersproject/basex@https://registry.npmjs.org/@ethersproject/basex/-/basex-5.8.0.tgz 0ms (cache hit)
170 silly packumentCache corgi:https://registry.npmjs.org/@vitejs%2fplugin-react cache-miss
171 silly packumentCache corgi:https://registry.npmjs.org/@rollup%2frollup-android-arm64 cache-miss
172 silly packumentCache corgi:https://registry.npmjs.org/@rolldown%2fpluginutils cache-miss
173 silly packumentCache corgi:https://registry.npmjs.org/@swc%2fcore cache-miss
174 http cache @noble/hashes@https://registry.npmjs.org/@noble/hashes/-/hashes-1.3.2.tgz 0ms (cache hit)
175 silly packumentCache corgi:https://registry.npmjs.org/@eslint%2fplugin-kit cache-miss
176 http cache @noble/curves@https://registry.npmjs.org/@noble/curves/-/curves-1.2.0.tgz 0ms (cache hit)
177 silly packumentCache corgi:https://registry.npmjs.org/@esbuild%2fandroid-arm64 cache-miss
178 http cache yargs-parser@https://registry.npmjs.org/yargs-parser/-/yargs-parser-21.1.1.tgz 0ms (cache hit)
179 http cache yargs@https://registry.npmjs.org/yargs/-/yargs-17.7.2.tgz 0ms (cache hit)
180 http cache ws@https://registry.npmjs.org/ws/-/ws-8.18.0.tgz 0ms (cache hit)
181 http cache uuid@https://registry.npmjs.org/uuid/-/uuid-11.1.0.tgz 0ms (cache hit)
182 silly packumentCache corgi:https://registry.npmjs.org/rollup cache-miss
183 silly packumentCache corgi:https://registry.npmjs.org/vite cache-miss
184 silly packumentCache corgi:https://registry.npmjs.org/picomatch cache-miss
185 silly packumentCache corgi:https://registry.npmjs.org/node-gyp-build-optional-packages cache-miss
186 silly packumentCache corgi:https://registry.npmjs.org/msgpackr cache-miss
187 http cache https-proxy-agent@https://registry.npmjs.org/https-proxy-agent/-/https-proxy-agent-7.0.6.tgz 0ms (cache hit)
188 silly packumentCache corgi:https://registry.npmjs.org/esbuild cache-miss
189 silly packumentCache corgi:https://registry.npmjs.org/electron-to-chromium cache-miss
190 http cache cliui@https://registry.npmjs.org/cliui/-/cliui-8.0.1.tgz 0ms (cache hit)
191 http cache agent-base@https://registry.npmjs.org/agent-base/-/agent-base-7.1.4.tgz 0ms (cache hit)
192 http cache undici-types@https://registry.npmjs.org/undici-types/-/undici-types-6.19.8.tgz 0ms (cache hit)
193 http cache ethers@https://registry.npmjs.org/ethers/-/ethers-6.15.0.tgz 0ms (cache hit)
194 http cache tslib@https://registry.npmjs.org/tslib/-/tslib-2.7.0.tgz 0ms (cache hit)
195 http cache aes-js@https://registry.npmjs.org/aes-js/-/aes-js-4.0.0-beta.5.tgz 0ms (cache hit)
196 http cache @types/node@https://registry.npmjs.org/@types/node/-/node-22.7.5.tgz 0ms (cache hit)
197 http cache ws@https://registry.npmjs.org/ws/-/ws-8.17.1.tgz 0ms (cache hit)
198 http cache multibase@https://registry.npmjs.org/multibase/-/multibase-0.7.0.tgz 0ms (cache hit)
199 http cache multicodec@https://registry.npmjs.org/multicodec/-/multicodec-1.0.4.tgz 0ms (cache hit)
200 http cache dotenv@https://registry.npmjs.org/dotenv/-/dotenv-17.2.0.tgz 0ms (cache hit)
201 http cache diff@https://registry.npmjs.org/diff/-/diff-4.0.2.tgz 0ms (cache hit)
202 http cache @jridgewell/trace-mapping@https://registry.npmjs.org/@jridgewell/trace-mapping/-/trace-mapping-0.3.9.tgz 0ms (cache hit)
203 http cache https-proxy-agent@https://registry.npmjs.org/https-proxy-agent/-/https-proxy-agent-5.0.1.tgz 0ms (cache hit)
204 http cache @grpc/grpc-js@https://registry.npmjs.org/@grpc/grpc-js/-/grpc-js-1.9.15.tgz 0ms (cache hit)
205 http cache agent-base@https://registry.npmjs.org/agent-base/-/agent-base-6.0.2.tgz 0ms (cache hit)
206 http cache @noble/hashes@https://registry.npmjs.org/@noble/hashes/-/hashes-1.4.0.tgz 0ms (cache hit)
207 http cache uuid@https://registry.npmjs.org/uuid/-/uuid-9.0.1.tgz 0ms (cache hit)
208 http cache @noble/curves@https://registry.npmjs.org/@noble/curves/-/curves-1.4.2.tgz 0ms (cache hit)
209 http cache https-proxy-agent@https://registry.npmjs.org/https-proxy-agent/-/https-proxy-agent-5.0.1.tgz 0ms (cache hit)
210 http cache yargs-parser@https://registry.npmjs.org/yargs-parser/-/yargs-parser-20.2.9.tgz 0ms (cache hit)
211 http cache yargs@https://registry.npmjs.org/yargs/-/yargs-16.2.0.tgz 0ms (cache hit)
212 http cache agent-base@https://registry.npmjs.org/agent-base/-/agent-base-6.0.2.tgz 0ms (cache hit)
213 http cache cliui@https://registry.npmjs.org/cliui/-/cliui-7.0.4.tgz 0ms (cache hit)
214 http cache agent-base@https://registry.npmjs.org/agent-base/-/agent-base-6.0.2.tgz 0ms (cache hit)
215 http cache uuid@https://registry.npmjs.org/uuid/-/uuid-9.0.1.tgz 0ms (cache hit)
216 http cache uuid@https://registry.npmjs.org/uuid/-/uuid-9.0.1.tgz 0ms (cache hit)
217 http cache form-data@https://registry.npmjs.org/form-data/-/form-data-2.5.4.tgz 0ms (cache hit)
218 http cache aes-js@https://registry.npmjs.org/aes-js/-/aes-js-3.0.0.tgz 0ms (cache hit)
219 http fetch POST 200 https://registry.npmjs.org/-/npm/v1/security/advisories/bulk 625ms
220 silly audit report {
220 silly audit report   cookie: [
220 silly audit report     {
220 silly audit report       id: 1103907,
220 silly audit report       url: 'https://github.com/advisories/GHSA-pxg6-pf52-xh8x',
220 silly audit report       title: 'cookie accepts cookie name, path, and domain with out of bounds characters',
220 silly audit report       severity: 'low',
220 silly audit report       vulnerable_versions: '<0.7.0',
220 silly audit report       cwe: [Array],
220 silly audit report       cvss: [Object]
220 silly audit report     }
220 silly audit report   ]
220 silly audit report }
221 silly packumentCache corgi:https://registry.npmjs.org/cookie cache-miss
222 warn deprecated multicodec@1.0.4: This module has been superseded by the multiformats module
223 warn deprecated multibase@0.6.1: This module has been superseded by the multiformats module
224 warn deprecated multibase@0.7.0: This module has been superseded by the multiformats module
225 warn deprecated multicodec@0.5.7: This module has been superseded by the multiformats module
226 http fetch GET 200 https://registry.npmjs.org/lmdb 1043ms (cache revalidated)
227 silly packumentCache corgi:https://registry.npmjs.org/lmdb set size:315373 disposed:false
228 http cache https://registry.npmjs.org/lmdb/-/lmdb-2.8.5.tgz 65ms (cache hit)
229 warn deprecated cids@0.7.5: This module has been superseded by the multiformats module
230 http fetch GET 200 https://registry.npmjs.org/esbuild 1333ms (cache revalidated)
231 silly packumentCache corgi:https://registry.npmjs.org/esbuild set size:865430 disposed:false
232 http fetch GET 200 https://registry.npmjs.org/rollup 1366ms (cache revalidated)
233 silly packumentCache corgi:https://registry.npmjs.org/rollup set size:2366151 disposed:false
234 http fetch GET 200 https://registry.npmjs.org/vite 1408ms (cache revalidated)
235 silly packumentCache corgi:https://registry.npmjs.org/vite set size:2034884 disposed:false
236 http fetch GET 200 https://registry.npmjs.org/@esbuild%2fandroid-arm64 1443ms (cache revalidated)
237 silly packumentCache corgi:https://registry.npmjs.org/@esbuild%2fandroid-arm64 set size:95387 disposed:false
238 http fetch GET 200 https://registry.npmjs.org/cookie 894ms (cache revalidated)
239 silly packumentCache corgi:https://registry.npmjs.org/cookie set size:22175 disposed:false
240 silly packumentCache corgi:https://registry.npmjs.org/@sentry%2fnode cache-miss
241 http fetch GET 200 https://registry.npmjs.org/picomatch 1470ms (cache revalidated)
242 silly packumentCache corgi:https://registry.npmjs.org/picomatch set size:42189 disposed:false
243 http fetch GET 200 https://registry.npmjs.org/@rollup%2frollup-android-arm64 1478ms (cache revalidated)
244 silly packumentCache corgi:https://registry.npmjs.org/@rollup%2frollup-android-arm64 set size:93857 disposed:false
245 http fetch GET 200 https://registry.npmjs.org/@eslint%2fplugin-kit 1484ms (cache revalidated)
246 silly packumentCache corgi:https://registry.npmjs.org/@eslint%2fplugin-kit set size:12965 disposed:false
247 http cache https://registry.npmjs.org/esbuild/-/esbuild-0.25.6.tgz 144ms (cache hit)
248 http cache https://registry.npmjs.org/rollup/-/rollup-4.45.0.tgz 135ms (cache hit)
249 http cache https://registry.npmjs.org/vite/-/vite-7.0.4.tgz 98ms (cache hit)
250 http fetch GET 200 https://registry.npmjs.org/node-gyp-build-optional-packages 1538ms (cache revalidated)
251 silly packumentCache corgi:https://registry.npmjs.org/node-gyp-build-optional-packages set size:29323 disposed:false
252 http cache https://registry.npmjs.org/picomatch/-/picomatch-4.0.2.tgz 113ms (cache hit)
253 http cache https://registry.npmjs.org/node-gyp-build-optional-packages/-/node-gyp-build-optional-packages-5.1.1.tgz 73ms (cache hit)
254 http fetch GET 200 https://registry.npmjs.org/@vitejs%2fplugin-react 1706ms (cache revalidated)
255 silly packumentCache corgi:https://registry.npmjs.org/@vitejs%2fplugin-react set size:93594 disposed:false
256 http fetch GET 200 https://registry.npmjs.org/@rolldown%2fpluginutils 1764ms (cache updated)
257 silly packumentCache corgi:https://registry.npmjs.org/@rolldown%2fpluginutils set size:undefined disposed:false
258 http fetch GET 200 https://registry.npmjs.org/@esbuild/android-arm64/-/android-arm64-0.25.6.tgz 505ms (cache revalidated)
259 http fetch GET 200 https://registry.npmjs.org/@sentry%2fnode 497ms (cache revalidated)
260 silly packumentCache corgi:https://registry.npmjs.org/@sentry%2fnode set size:1078029 disposed:false
261 silly packumentCache corgi:https://registry.npmjs.org/hardhat cache-miss
262 http fetch GET 200 https://registry.npmjs.org/@eslint/plugin-kit/-/plugin-kit-0.3.3.tgz 513ms (cache revalidated)
263 http fetch GET 200 https://registry.npmjs.org/@rolldown/pluginutils/-/pluginutils-1.0.0-beta.19.tgz 248ms (cache revalidated)
264 http fetch GET 200 https://registry.npmjs.org/@vitejs/plugin-react/-/plugin-react-4.6.0.tgz 414ms (cache revalidated)
265 http fetch GET 200 https://registry.npmjs.org/msgpackr 2318ms (cache revalidated)
266 silly packumentCache corgi:https://registry.npmjs.org/msgpackr set size:182624 disposed:false
267 http cache https://registry.npmjs.org/msgpackr/-/msgpackr-1.11.4.tgz 24ms (cache hit)
268 http fetch GET 200 https://registry.npmjs.org/@rollup/rollup-android-arm64/-/rollup-android-arm64-4.45.0.tgz 1044ms (cache revalidated)
269 http fetch GET 200 https://registry.npmjs.org/@swc%2fcore 2879ms (cache updated)
270 silly packumentCache corgi:https://registry.npmjs.org/@swc%2fcore set size:undefined disposed:false
271 http fetch GET 200 https://registry.npmjs.org/hardhat 922ms (cache updated)
272 silly packumentCache corgi:https://registry.npmjs.org/hardhat set size:undefined disposed:false
273 silly packumentCache corgi:https://registry.npmjs.org/@nomiclabs%2fhardhat-ethers cache-miss
274 silly packumentCache corgi:https://registry.npmjs.org/@nomiclabs%2fhardhat-etherscan cache-miss
275 http fetch GET 200 https://registry.npmjs.org/@swc/core/-/core-1.12.14.tgz 435ms (cache revalidated)
276 http fetch GET 200 https://registry.npmjs.org/electron-to-chromium 3656ms (cache updated)
277 silly packumentCache corgi:https://registry.npmjs.org/electron-to-chromium set size:undefined disposed:false
278 http cache https://registry.npmjs.org/electron-to-chromium/-/electron-to-chromium-1.5.183.tgz 20ms (cache hit)
279 info run lmdb@2.8.5 install node_modules/lmdb node-gyp-build-optional-packages
280 http fetch GET 200 https://registry.npmjs.org/@nomiclabs%2fhardhat-ethers 1944ms (cache revalidated)
281 silly packumentCache corgi:https://registry.npmjs.org/@nomiclabs%2fhardhat-ethers set size:34190 disposed:false
282 http fetch GET 200 https://registry.npmjs.org/@nomiclabs%2fhardhat-etherscan 1972ms (cache revalidated)
283 silly packumentCache corgi:https://registry.npmjs.org/@nomiclabs%2fhardhat-etherscan set size:77344 disposed:false
284 info run lmdb@2.8.5 install { code: 1, signal: null }
285 verbose stack Error: command failed
285 verbose stack     at promiseSpawn (/data/data/com.termux/files/usr/lib/node_modules/npm/node_modules/@npmcli/promise-spawn/lib/index.js:22:22)
285 verbose stack     at spawnWithShell (/data/data/com.termux/files/usr/lib/node_modules/npm/node_modules/@npmcli/promise-spawn/lib/index.js:124:10)
285 verbose stack     at promiseSpawn (/data/data/com.termux/files/usr/lib/node_modules/npm/node_modules/@npmcli/promise-spawn/lib/index.js:12:12)
285 verbose stack     at runScriptPkg (/data/data/com.termux/files/usr/lib/node_modules/npm/node_modules/@npmcli/run-script/lib/run-script-pkg.js:79:13)
285 verbose stack     at runScript (/data/data/com.termux/files/usr/lib/node_modules/npm/node_modules/@npmcli/run-script/lib/run-script.js:9:12)
285 verbose stack     at /data/data/com.termux/files/usr/lib/node_modules/npm/node_modules/@npmcli/arborist/lib/arborist/rebuild.js:331:17
285 verbose stack     at run (/data/data/com.termux/files/usr/lib/node_modules/npm/node_modules/promise-call-limit/dist/commonjs/index.js:67:22)
285 verbose stack     at /data/data/com.termux/files/usr/lib/node_modules/npm/node_modules/promise-call-limit/dist/commonjs/index.js:84:9
285 verbose stack     at new Promise (<anonymous>)
285 verbose stack     at callLimit (/data/data/com.termux/files/usr/lib/node_modules/npm/node_modules/promise-call-limit/dist/commonjs/index.js:35:69)
286 verbose pkgid lmdb@2.8.5
287 error code 1
288 error path /data/data/com.termux/files/home/node_modules/lmdb
289 error command failed
290 error command sh -c node-gyp-build-optional-packages
291 silly unfinished npm timer reify 1753275825680
292 silly unfinished npm timer reify:build 1753275832808
293 silly unfinished npm timer build 1753275832809
294 silly unfinished npm timer build:deps 1753275832809
295 silly unfinished npm timer build:run:install 1753275832837
296 silly unfinished npm timer build:run:install:node_modules/lmdb 1753275832838
297 verbose cwd /data/data/com.termux/files/home
298 verbose os Linux 5.10.226-android12-9-00047-g4968e29b7f92-ab12786767
299 verbose node v24.4.1
300 verbose npm  v11.4.2
301 verbose exit 1
302 verbose code 1
303 error A complete log of this run can be found in: /data/data/com.termux/files/home/.npm/_logs/2025-07-23T13_03_45_186Z-debug-0.log
